mode: set
altastore/controllers/cart/cartController.go:13.54,17.16 3 0
altastore/controllers/cart/cartController.go:24.2,27.41 1 0
altastore/controllers/cart/cartController.go:17.16,22.3 1 0
altastore/controllers/cart/cartController.go:34.57,42.16 5 0
altastore/controllers/cart/cartController.go:49.2,52.52 1 0
altastore/controllers/cart/cartController.go:42.16,47.3 1 0
altastore/controllers/cart/cartController.go:55.57,63.16 5 0
altastore/controllers/cart/cartController.go:70.2,70.23 1 0
altastore/controllers/cart/cartController.go:77.2,80.52 1 0
altastore/controllers/cart/cartController.go:63.16,68.3 1 0
altastore/controllers/cart/cartController.go:70.23,75.3 1 0
altastore/controllers/checkout/checkoutController.go:13.58,17.16 3 0
altastore/controllers/checkout/checkoutController.go:24.2,27.39 1 0
altastore/controllers/checkout/checkoutController.go:17.16,22.3 1 0
altastore/controllers/checkout/checkoutController.go:30.58,36.16 5 0
altastore/controllers/checkout/checkoutController.go:43.2,43.23 1 0
altastore/controllers/checkout/checkoutController.go:50.2,53.47 1 0
altastore/controllers/checkout/checkoutController.go:36.16,41.3 1 0
altastore/controllers/checkout/checkoutController.go:43.23,48.3 1 0
altastore/controllers/payment/paymentController.go:13.57,17.16 3 0
altastore/controllers/payment/paymentController.go:24.2,27.46 1 0
altastore/controllers/payment/paymentController.go:17.16,22.3 1 0
altastore/controllers/payment/paymentController.go:30.56,36.16 5 0
altastore/controllers/payment/paymentController.go:50.2,53.43 1 0
altastore/controllers/payment/paymentController.go:36.16,41.3 1 0
altastore/controllers/user/userController.go:14.47,19.16 3 1
altastore/controllers/user/userController.go:26.2,30.82 1 1
altastore/controllers/user/userController.go:19.16,24.3 1 1
altastore/controllers/user/userController.go:33.50,38.16 3 1
altastore/controllers/user/userController.go:45.2,49.83 1 1
altastore/controllers/user/userController.go:38.16,43.3 1 1
altastore/controllers/user/userController.go:52.46,58.16 4 1
altastore/controllers/user/userController.go:65.2,69.69 1 1
altastore/controllers/user/userController.go:58.16,63.3 1 1
altastore/controllers/user/userController.go:73.47,81.16 5 1
altastore/controllers/user/userController.go:88.2,92.77 1 1
altastore/controllers/user/userController.go:81.16,86.3 1 1
altastore/controllers/user/userController.go:95.49,100.16 3 1
altastore/controllers/user/userController.go:107.2,110.58 1 1
altastore/controllers/user/userController.go:100.16,105.3 1 1
altastore/controllers/user/userController.go:113.48,119.16 4 1
altastore/controllers/user/userController.go:126.2,130.68 1 1
altastore/controllers/user/userController.go:119.16,124.3 1 1
altastore/controllers/product/productController.go:12.50,17.16 3 1
altastore/controllers/product/productController.go:24.2,28.95 1 1
altastore/controllers/product/productController.go:17.16,22.3 1 1
