mode: set
altastore/lib/database/userLibDB.go:12.59,13.21 1 0
altastore/lib/database/userLibDB.go:16.2,20.22 3 0
altastore/lib/database/userLibDB.go:26.2,26.19 1 0
altastore/lib/database/userLibDB.go:13.21,15.3 1 0
altastore/lib/database/userLibDB.go:20.22,21.57 1 0
altastore/lib/database/userLibDB.go:24.3,24.24 1 0
altastore/lib/database/userLibDB.go:21.57,23.4 1 0
altastore/lib/database/userLibDB.go:30.57,35.22 3 0
altastore/lib/database/userLibDB.go:39.2,39.27 1 0
altastore/lib/database/userLibDB.go:43.2,43.18 1 0
altastore/lib/database/userLibDB.go:35.22,37.3 1 0
altastore/lib/database/userLibDB.go:39.27,41.3 1 0
altastore/lib/database/userLibDB.go:46.60,47.51 1 0
altastore/lib/database/userLibDB.go:51.2,51.24 1 0
altastore/lib/database/userLibDB.go:55.2,56.16 2 0
altastore/lib/database/userLibDB.go:59.2,62.22 3 0
altastore/lib/database/userLibDB.go:65.2,70.24 5 0
altastore/lib/database/userLibDB.go:47.51,49.3 1 0
altastore/lib/database/userLibDB.go:51.24,53.3 1 0
altastore/lib/database/userLibDB.go:56.16,58.3 1 0
altastore/lib/database/userLibDB.go:62.22,64.3 1 0
altastore/lib/database/userLibDB.go:73.74,78.22 3 0
altastore/lib/database/userLibDB.go:82.2,82.27 1 0
altastore/lib/database/userLibDB.go:86.2,91.25 5 0
altastore/lib/database/userLibDB.go:78.22,80.3 1 0
altastore/lib/database/userLibDB.go:82.27,84.3 1 0
altastore/lib/database/userLibDB.go:94.39,98.22 3 0
altastore/lib/database/userLibDB.go:102.2,102.27 1 0
altastore/lib/database/userLibDB.go:106.2,112.22 4 0
altastore/lib/database/userLibDB.go:116.2,116.27 1 0
altastore/lib/database/userLibDB.go:120.2,120.12 1 0
altastore/lib/database/userLibDB.go:98.22,100.3 1 0
altastore/lib/database/userLibDB.go:102.27,104.3 1 0
altastore/lib/database/userLibDB.go:112.22,114.3 1 0
altastore/lib/database/userLibDB.go:116.27,118.3 1 0
altastore/routes/cartRoutes.go:8.27,18.2 5 0
altastore/routes/loginRoutes.go:7.28,11.2 1 0
altastore/routes/rootMiddleware.go:7.31,14.2 2 0
altastore/controllers/checkout/checkoutController.go:13.58,17.16 3 0
altastore/controllers/checkout/checkoutController.go:24.2,28.81 1 0
altastore/controllers/checkout/checkoutController.go:17.16,22.3 1 0
altastore/controllers/checkout/checkoutController.go:31.58,37.16 5 0
altastore/controllers/checkout/checkoutController.go:44.2,48.81 1 0
altastore/controllers/checkout/checkoutController.go:37.16,42.3 1 0
altastore/util/password/hash.go:9.44,13.16 3 0
altastore/util/password/hash.go:17.2,17.28 1 0
altastore/util/password/hash.go:13.16,15.3 1 0
altastore/util/password/hash.go:20.59,23.16 2 0
altastore/util/password/hash.go:27.2,27.18 1 0
altastore/util/password/hash.go:23.16,25.3 1 0
altastore/lib/database/loginLibDB.go:11.51,15.27 3 0
altastore/lib/database/loginLibDB.go:19.2,19.22 1 0
altastore/lib/database/loginLibDB.go:23.2,23.78 1 0
altastore/lib/database/loginLibDB.go:30.2,32.16 2 0
altastore/lib/database/loginLibDB.go:36.2,36.19 1 0
altastore/lib/database/loginLibDB.go:15.27,17.3 1 0
altastore/lib/database/loginLibDB.go:19.22,21.3 1 0
altastore/lib/database/loginLibDB.go:23.78,24.91 1 0
altastore/lib/database/loginLibDB.go:27.3,27.17 1 0
altastore/lib/database/loginLibDB.go:24.91,26.4 1 0
altastore/lib/database/loginLibDB.go:32.16,34.3 1 0
altastore/lib/database/adminLibDB.go:14.61,19.22 3 0
altastore/lib/database/adminLibDB.go:23.2,23.27 1 0
altastore/lib/database/adminLibDB.go:27.2,27.18 1 0
altastore/lib/database/adminLibDB.go:19.22,21.3 1 0
altastore/lib/database/adminLibDB.go:23.27,25.3 1 0
altastore/lib/database/adminLibDB.go:30.61,31.51 1 0
altastore/lib/database/adminLibDB.go:35.2,35.24 1 0
altastore/lib/database/adminLibDB.go:39.2,40.16 2 0
altastore/lib/database/adminLibDB.go:44.2,47.64 3 0
altastore/lib/database/adminLibDB.go:77.2,81.24 4 0
altastore/lib/database/adminLibDB.go:85.2,85.24 1 0
altastore/lib/database/adminLibDB.go:31.51,33.3 1 0
altastore/lib/database/adminLibDB.go:35.24,37.3 1 0
altastore/lib/database/adminLibDB.go:40.16,42.3 1 0
altastore/lib/database/adminLibDB.go:47.64,50.30 2 0
altastore/lib/database/adminLibDB.go:57.3,57.35 1 0
altastore/lib/database/adminLibDB.go:61.3,65.31 4 0
altastore/lib/database/adminLibDB.go:69.3,69.36 1 0
altastore/lib/database/adminLibDB.go:73.3,73.13 1 0
altastore/lib/database/adminLibDB.go:50.30,51.65 1 0
altastore/lib/database/adminLibDB.go:54.4,54.27 1 0
altastore/lib/database/adminLibDB.go:51.65,53.5 1 0
altastore/lib/database/adminLibDB.go:57.35,59.4 1 0
altastore/lib/database/adminLibDB.go:65.31,67.4 1 0
altastore/lib/database/adminLibDB.go:69.36,71.4 1 0
altastore/lib/database/adminLibDB.go:81.24,83.3 1 0
altastore/lib/database/paymentLibDB.go:12.80,19.42 4 0
altastore/lib/database/paymentLibDB.go:23.2,23.47 1 0
altastore/lib/database/paymentLibDB.go:27.2,27.47 1 0
altastore/lib/database/paymentLibDB.go:37.2,39.38 2 0
altastore/lib/database/paymentLibDB.go:54.2,54.17 1 0
altastore/lib/database/paymentLibDB.go:19.42,21.3 1 0
altastore/lib/database/paymentLibDB.go:23.47,25.3 1 0
altastore/lib/database/paymentLibDB.go:27.47,28.56 1 0
altastore/lib/database/paymentLibDB.go:28.56,32.4 3 0
altastore/lib/database/paymentLibDB.go:32.9,34.4 1 0
altastore/lib/database/paymentLibDB.go:39.38,46.44 6 0
altastore/lib/database/paymentLibDB.go:50.3,50.28 1 0
altastore/lib/database/paymentLibDB.go:46.44,48.4 1 0
altastore/lib/database/paymentLibDB.go:57.102,62.34 3 0
altastore/lib/database/paymentLibDB.go:66.2,66.39 1 0
altastore/lib/database/paymentLibDB.go:70.2,70.54 1 0
altastore/lib/database/paymentLibDB.go:74.2,74.69 1 0
altastore/lib/database/paymentLibDB.go:78.2,80.54 2 0
altastore/lib/database/paymentLibDB.go:84.2,84.29 1 0
altastore/lib/database/paymentLibDB.go:88.2,92.28 3 0
altastore/lib/database/paymentLibDB.go:96.2,96.33 1 0
altastore/lib/database/paymentLibDB.go:100.2,108.21 7 0
altastore/lib/database/paymentLibDB.go:62.34,64.3 1 0
altastore/lib/database/paymentLibDB.go:66.39,68.3 1 0
altastore/lib/database/paymentLibDB.go:70.54,72.3 1 0
altastore/lib/database/paymentLibDB.go:74.69,76.3 1 0
altastore/lib/database/paymentLibDB.go:80.54,82.3 1 0
altastore/lib/database/paymentLibDB.go:84.29,86.3 1 0
altastore/lib/database/paymentLibDB.go:92.28,94.3 1 0
altastore/lib/database/paymentLibDB.go:96.33,98.3 1 0
altastore/controllers/payment/paymentController.go:13.57,17.16 3 0
altastore/controllers/payment/paymentController.go:24.2,27.46 1 0
altastore/controllers/payment/paymentController.go:17.16,22.3 1 0
altastore/controllers/payment/paymentController.go:30.56,36.16 5 0
altastore/controllers/payment/paymentController.go:50.2,53.43 1 0
altastore/controllers/payment/paymentController.go:36.16,41.3 1 0
altastore/middlewares/protect.go:14.63,15.36 1 0
altastore/middlewares/protect.go:15.36,18.47 2 0
altastore/middlewares/protect.go:25.3,27.25 2 0
altastore/middlewares/protect.go:34.3,36.28 2 0
altastore/middlewares/protect.go:43.3,48.13 3 0
altastore/middlewares/protect.go:55.3,57.17 2 0
altastore/middlewares/protect.go:18.47,23.4 1 0
altastore/middlewares/protect.go:27.25,32.4 1 0
altastore/middlewares/protect.go:36.28,41.4 1 0
altastore/middlewares/protect.go:48.13,53.4 1 0
altastore/middlewares/protect.go:61.54,62.36 1 0
altastore/middlewares/protect.go:62.36,65.25 3 0
altastore/middlewares/protect.go:71.3,71.17 1 0
altastore/middlewares/protect.go:65.25,70.4 1 0
altastore/middlewares/protect.go:75.64,77.83 1 0
altastore/middlewares/protect.go:84.2,84.67 1 0
altastore/middlewares/protect.go:88.2,88.23 1 0
altastore/middlewares/protect.go:77.83,78.58 1 0
altastore/middlewares/protect.go:81.3,81.50 1 0
altastore/middlewares/protect.go:78.58,80.4 1 0
altastore/middlewares/protect.go:84.67,86.3 1 0
altastore/routes/adminRoutes.go:8.28,22.2 5 0
altastore/routes/checkoutRoutes.go:8.31,16.2 4 0
altastore/routes/paymentRoutes.go:8.30,16.2 4 0
altastore/config/config.go:18.15,20.17 2 0
altastore/config/config.go:24.2,34.17 4 0
altastore/config/config.go:38.2,45.33 8 0
altastore/config/config.go:20.17,22.3 1 0
altastore/config/config.go:34.17,35.14 1 0
altastore/config/config.go:49.19,52.54 1 0
altastore/config/config.go:56.2,65.16 4 0
altastore/config/config.go:68.2,68.19 1 0
altastore/config/config.go:52.54,54.3 1 0
altastore/config/config.go:65.16,66.13 1 0
altastore/config/config.go:71.24,77.2 2 0
altastore/util/jwt/createJWT.go:9.42,15.2 5 0
altastore/lib/database/productLibDB.go:9.68,12.24 2 0
altastore/lib/database/productLibDB.go:35.2,35.22 1 0
altastore/lib/database/productLibDB.go:12.24,15.33 2 0
altastore/lib/database/productLibDB.go:19.3,19.38 1 0
altastore/lib/database/productLibDB.go:15.33,17.4 1 0
altastore/lib/database/productLibDB.go:19.38,21.4 1 0
altastore/lib/database/productLibDB.go:22.8,25.33 2 0
altastore/lib/database/productLibDB.go:29.3,29.38 1 0
altastore/lib/database/productLibDB.go:25.33,27.4 1 0
altastore/lib/database/productLibDB.go:29.38,31.4 1 0
altastore/routes/productRoutes.go:7.30,9.2 1 0
altastore/lib/database/cartLibDB.go:13.60,18.22 3 0
altastore/lib/database/cartLibDB.go:22.2,22.27 1 0
altastore/lib/database/cartLibDB.go:26.2,26.18 1 0
altastore/lib/database/cartLibDB.go:18.22,20.3 1 0
altastore/lib/database/cartLibDB.go:22.27,24.3 1 0
altastore/lib/database/cartLibDB.go:30.68,31.55 1 0
altastore/lib/database/cartLibDB.go:55.2,55.16 1 0
altastore/lib/database/cartLibDB.go:58.2,58.12 1 0
altastore/lib/database/cartLibDB.go:31.55,32.37 1 0
altastore/lib/database/cartLibDB.go:52.3,52.13 1 0
altastore/lib/database/cartLibDB.go:32.37,34.57 1 0
altastore/lib/database/cartLibDB.go:38.4,43.24 3 0
altastore/lib/database/cartLibDB.go:34.57,35.13 1 0
altastore/lib/database/cartLibDB.go:43.24,45.59 1 0
altastore/lib/database/cartLibDB.go:49.5,49.21 1 0
altastore/lib/database/cartLibDB.go:45.59,47.6 1 0
altastore/lib/database/cartLibDB.go:55.16,57.3 1 0
altastore/lib/database/cartLibDB.go:61.65,62.23 1 0
altastore/lib/database/cartLibDB.go:66.2,69.55 3 0
altastore/lib/database/cartLibDB.go:86.2,86.16 1 0
altastore/lib/database/cartLibDB.go:89.2,89.25 1 0
altastore/lib/database/cartLibDB.go:62.23,64.3 1 0
altastore/lib/database/cartLibDB.go:69.55,70.34 1 0
altastore/lib/database/cartLibDB.go:83.3,83.13 1 0
altastore/lib/database/cartLibDB.go:70.34,73.30 2 0
altastore/lib/database/cartLibDB.go:77.4,77.35 1 0
altastore/lib/database/cartLibDB.go:81.4,81.17 1 0
altastore/lib/database/cartLibDB.go:73.30,75.5 1 0
altastore/lib/database/cartLibDB.go:77.35,79.5 1 0
altastore/lib/database/cartLibDB.go:86.16,88.3 1 0
altastore/lib/database/checkoutLibDB.go:13.65,17.32 3 0
altastore/lib/database/checkoutLibDB.go:21.2,21.37 1 0
altastore/lib/database/checkoutLibDB.go:25.2,27.32 2 0
altastore/lib/database/checkoutLibDB.go:31.2,37.22 6 0
altastore/lib/database/checkoutLibDB.go:17.32,19.3 1 0
altastore/lib/database/checkoutLibDB.go:21.37,23.3 1 0
altastore/lib/database/checkoutLibDB.go:27.32,29.3 1 0
altastore/lib/database/checkoutLibDB.go:40.103,45.30 3 0
altastore/lib/database/checkoutLibDB.go:49.2,49.35 1 0
altastore/lib/database/checkoutLibDB.go:56.2,61.55 4 0
altastore/lib/database/checkoutLibDB.go:137.2,137.16 1 0
altastore/lib/database/checkoutLibDB.go:144.2,144.28 1 0
altastore/lib/database/checkoutLibDB.go:45.30,47.3 1 0
altastore/lib/database/checkoutLibDB.go:49.35,51.3 1 0
altastore/lib/database/checkoutLibDB.go:61.55,67.29 3 0
altastore/lib/database/checkoutLibDB.go:71.3,71.34 1 0
altastore/lib/database/checkoutLibDB.go:75.3,84.39 7 0
altastore/lib/database/checkoutLibDB.go:91.3,91.44 1 0
altastore/lib/database/checkoutLibDB.go:95.3,99.34 4 0
altastore/lib/database/checkoutLibDB.go:119.3,121.38 2 0
altastore/lib/database/checkoutLibDB.go:125.3,125.43 1 0
altastore/lib/database/checkoutLibDB.go:129.3,134.13 5 0
altastore/lib/database/checkoutLibDB.go:67.29,69.4 1 0
altastore/lib/database/checkoutLibDB.go:71.34,73.4 1 0
altastore/lib/database/checkoutLibDB.go:84.39,85.74 1 0
altastore/lib/database/checkoutLibDB.go:88.4,88.36 1 0
altastore/lib/database/checkoutLibDB.go:85.74,87.6 1 0
altastore/lib/database/checkoutLibDB.go:91.44,93.4 1 0
altastore/lib/database/checkoutLibDB.go:99.34,107.46 6 0
altastore/lib/database/checkoutLibDB.go:114.4,114.51 1 0
altastore/lib/database/checkoutLibDB.go:107.46,108.81 1 0
altastore/lib/database/checkoutLibDB.go:111.5,111.43 1 0
altastore/lib/database/checkoutLibDB.go:108.81,110.6 1 0
altastore/lib/database/checkoutLibDB.go:114.51,116.5 1 0
altastore/lib/database/checkoutLibDB.go:121.38,123.4 1 0
altastore/lib/database/checkoutLibDB.go:125.43,127.4 1 0
altastore/lib/database/checkoutLibDB.go:137.16,138.44 1 0
altastore/lib/database/checkoutLibDB.go:141.3,141.29 1 0
altastore/lib/database/checkoutLibDB.go:138.44,140.4 1 0
altastore/controllers/admin/adminController.go:14.55,19.16 3 0
altastore/controllers/admin/adminController.go:26.2,29.41 1 0
altastore/controllers/admin/adminController.go:19.16,24.3 1 0
altastore/controllers/admin/adminController.go:33.47,40.16 5 0
altastore/controllers/admin/adminController.go:47.2,51.70 1 0
altastore/controllers/admin/adminController.go:40.16,45.3 1 0
altastore/controllers/product/productController.go:12.50,17.16 3 0
altastore/controllers/product/productController.go:24.2,28.95 1 0
altastore/controllers/product/productController.go:17.16,22.3 1 0
altastore/main.go:8.13,14.2 3 0
altastore/controllers/cart/cartController.go:13.54,17.16 3 0
altastore/controllers/cart/cartController.go:24.2,28.85 1 0
altastore/controllers/cart/cartController.go:17.16,22.3 1 0
altastore/controllers/cart/cartController.go:35.57,43.16 5 0
altastore/controllers/cart/cartController.go:50.2,53.52 1 0
altastore/controllers/cart/cartController.go:43.16,48.3 1 0
altastore/controllers/cart/cartController.go:56.57,64.16 5 0
altastore/controllers/cart/cartController.go:71.2,71.23 1 0
altastore/controllers/cart/cartController.go:78.2,81.52 1 0
altastore/controllers/cart/cartController.go:64.16,69.3 1 0
altastore/controllers/cart/cartController.go:71.23,76.3 1 0
altastore/routes/mainRoutes.go:9.23,29.2 10 0
altastore/controllers/user/userController.go:14.47,19.16 3 0
altastore/controllers/user/userController.go:26.2,30.82 1 0
altastore/controllers/user/userController.go:19.16,24.3 1 0
altastore/controllers/user/userController.go:33.50,38.16 3 0
altastore/controllers/user/userController.go:45.2,49.83 1 0
altastore/controllers/user/userController.go:38.16,43.3 1 0
altastore/controllers/user/userController.go:52.46,58.16 4 0
altastore/controllers/user/userController.go:65.2,69.69 1 0
altastore/controllers/user/userController.go:58.16,63.3 1 0
altastore/controllers/user/userController.go:73.47,81.16 5 0
altastore/controllers/user/userController.go:88.2,92.77 1 0
altastore/controllers/user/userController.go:81.16,86.3 1 0
altastore/controllers/user/userController.go:95.49,100.16 3 0
altastore/controllers/user/userController.go:107.2,110.58 1 0
altastore/controllers/user/userController.go:100.16,105.3 1 0
altastore/controllers/user/userController.go:113.48,119.16 4 0
altastore/controllers/user/userController.go:126.2,130.68 1 0
altastore/controllers/user/userController.go:119.16,124.3 1 0
altastore/routes/userRoutes.go:8.27,24.2 8 0
altastore/controllers/login/loginController.go:12.48,18.16 4 0
altastore/controllers/login/loginController.go:25.2,29.68 1 0
altastore/controllers/login/loginController.go:18.16,23.3 1 0
altastore/config/config.go:18.15,20.17 2 0
altastore/config/config.go:24.2,34.17 4 0
altastore/config/config.go:38.2,45.33 8 0
altastore/config/config.go:20.17,22.3 1 0
altastore/config/config.go:34.17,35.14 1 0
altastore/config/config.go:49.19,52.54 1 0
altastore/config/config.go:56.2,65.16 4 0
altastore/config/config.go:68.2,68.19 1 0
altastore/config/config.go:52.54,54.3 1 0
altastore/config/config.go:65.16,66.13 1 0
altastore/config/config.go:71.24,77.2 2 0
altastore/controllers/admin/adminController.go:14.55,19.16 3 0
altastore/controllers/admin/adminController.go:26.2,29.41 1 0
altastore/controllers/admin/adminController.go:19.16,24.3 1 0
altastore/controllers/admin/adminController.go:33.47,40.16 5 0
altastore/controllers/admin/adminController.go:47.2,51.70 1 0
altastore/controllers/admin/adminController.go:40.16,45.3 1 0
altastore/controllers/product/productController.go:12.50,17.16 3 0
altastore/controllers/product/productController.go:24.2,28.95 1 0
altastore/controllers/product/productController.go:17.16,22.3 1 0
altastore/routes/loginRoutes.go:7.28,11.2 1 0
altastore/controllers/user/userController.go:14.47,19.16 3 0
altastore/controllers/user/userController.go:26.2,30.82 1 0
altastore/controllers/user/userController.go:19.16,24.3 1 0
altastore/controllers/user/userController.go:33.50,38.16 3 0
altastore/controllers/user/userController.go:45.2,49.83 1 0
altastore/controllers/user/userController.go:38.16,43.3 1 0
altastore/controllers/user/userController.go:52.46,58.16 4 0
altastore/controllers/user/userController.go:65.2,69.69 1 0
altastore/controllers/user/userController.go:58.16,63.3 1 0
altastore/controllers/user/userController.go:73.47,81.16 5 0
altastore/controllers/user/userController.go:88.2,92.77 1 0
altastore/controllers/user/userController.go:81.16,86.3 1 0
altastore/controllers/user/userController.go:95.49,100.16 3 0
altastore/controllers/user/userController.go:107.2,110.58 1 0
altastore/controllers/user/userController.go:100.16,105.3 1 0
altastore/controllers/user/userController.go:113.48,119.16 4 0
altastore/controllers/user/userController.go:126.2,130.68 1 0
altastore/controllers/user/userController.go:119.16,124.3 1 0
altastore/routes/cartRoutes.go:8.27,18.2 5 0
altastore/routes/checkoutRoutes.go:8.31,16.2 4 0
altastore/routes/paymentRoutes.go:8.30,16.2 4 0
altastore/routes/rootMiddleware.go:7.31,14.2 2 0
altastore/lib/database/checkoutLibDB.go:13.65,17.32 3 0
altastore/lib/database/checkoutLibDB.go:21.2,21.37 1 0
altastore/lib/database/checkoutLibDB.go:25.2,27.32 2 0
altastore/lib/database/checkoutLibDB.go:31.2,37.22 6 0
altastore/lib/database/checkoutLibDB.go:17.32,19.3 1 0
altastore/lib/database/checkoutLibDB.go:21.37,23.3 1 0
altastore/lib/database/checkoutLibDB.go:27.32,29.3 1 0
altastore/lib/database/checkoutLibDB.go:40.103,45.30 3 0
altastore/lib/database/checkoutLibDB.go:49.2,49.35 1 0
altastore/lib/database/checkoutLibDB.go:56.2,61.55 4 0
altastore/lib/database/checkoutLibDB.go:137.2,137.16 1 0
altastore/lib/database/checkoutLibDB.go:144.2,144.28 1 0
altastore/lib/database/checkoutLibDB.go:45.30,47.3 1 0
altastore/lib/database/checkoutLibDB.go:49.35,51.3 1 0
altastore/lib/database/checkoutLibDB.go:61.55,67.29 3 0
altastore/lib/database/checkoutLibDB.go:71.3,71.34 1 0
altastore/lib/database/checkoutLibDB.go:75.3,84.39 7 0
altastore/lib/database/checkoutLibDB.go:91.3,91.44 1 0
altastore/lib/database/checkoutLibDB.go:95.3,99.34 4 0
altastore/lib/database/checkoutLibDB.go:119.3,121.38 2 0
altastore/lib/database/checkoutLibDB.go:125.3,125.43 1 0
altastore/lib/database/checkoutLibDB.go:129.3,134.13 5 0
altastore/lib/database/checkoutLibDB.go:67.29,69.4 1 0
altastore/lib/database/checkoutLibDB.go:71.34,73.4 1 0
altastore/lib/database/checkoutLibDB.go:84.39,85.74 1 0
altastore/lib/database/checkoutLibDB.go:88.4,88.36 1 0
altastore/lib/database/checkoutLibDB.go:85.74,87.6 1 0
altastore/lib/database/checkoutLibDB.go:91.44,93.4 1 0
altastore/lib/database/checkoutLibDB.go:99.34,107.46 6 0
altastore/lib/database/checkoutLibDB.go:114.4,114.51 1 0
altastore/lib/database/checkoutLibDB.go:107.46,108.81 1 0
altastore/lib/database/checkoutLibDB.go:111.5,111.43 1 0
altastore/lib/database/checkoutLibDB.go:108.81,110.6 1 0
altastore/lib/database/checkoutLibDB.go:114.51,116.5 1 0
altastore/lib/database/checkoutLibDB.go:121.38,123.4 1 0
altastore/lib/database/checkoutLibDB.go:125.43,127.4 1 0
altastore/lib/database/checkoutLibDB.go:137.16,138.44 1 0
altastore/lib/database/checkoutLibDB.go:141.3,141.29 1 0
altastore/lib/database/checkoutLibDB.go:138.44,140.4 1 0
altastore/lib/database/productLibDB.go:9.68,12.24 2 0
altastore/lib/database/productLibDB.go:35.2,35.22 1 0
altastore/lib/database/productLibDB.go:12.24,15.33 2 0
altastore/lib/database/productLibDB.go:19.3,19.38 1 0
altastore/lib/database/productLibDB.go:15.33,17.4 1 0
altastore/lib/database/productLibDB.go:19.38,21.4 1 0
altastore/lib/database/productLibDB.go:22.8,25.33 2 0
altastore/lib/database/productLibDB.go:29.3,29.38 1 0
altastore/lib/database/productLibDB.go:25.33,27.4 1 0
altastore/lib/database/productLibDB.go:29.38,31.4 1 0
altastore/routes/adminRoutes.go:8.28,22.2 5 0
altastore/main.go:8.13,14.2 3 0
altastore/controllers/payment/paymentController.go:13.57,17.16 3 0
altastore/controllers/payment/paymentController.go:24.2,27.46 1 0
altastore/controllers/payment/paymentController.go:17.16,22.3 1 0
altastore/controllers/payment/paymentController.go:30.56,36.16 5 0
altastore/controllers/payment/paymentController.go:50.2,53.43 1 0
altastore/controllers/payment/paymentController.go:36.16,41.3 1 0
altastore/util/password/hash.go:9.44,13.16 3 0
altastore/util/password/hash.go:17.2,17.28 1 0
altastore/util/password/hash.go:13.16,15.3 1 0
altastore/util/password/hash.go:20.59,23.16 2 0
altastore/util/password/hash.go:27.2,27.18 1 0
altastore/util/password/hash.go:23.16,25.3 1 0
altastore/lib/database/cartLibDB.go:13.60,18.22 3 0
altastore/lib/database/cartLibDB.go:22.2,22.27 1 0
altastore/lib/database/cartLibDB.go:26.2,26.18 1 0
altastore/lib/database/cartLibDB.go:18.22,20.3 1 0
altastore/lib/database/cartLibDB.go:22.27,24.3 1 0
altastore/lib/database/cartLibDB.go:30.68,31.55 1 0
altastore/lib/database/cartLibDB.go:55.2,55.16 1 0
altastore/lib/database/cartLibDB.go:58.2,58.12 1 0
altastore/lib/database/cartLibDB.go:31.55,32.37 1 0
altastore/lib/database/cartLibDB.go:52.3,52.13 1 0
altastore/lib/database/cartLibDB.go:32.37,34.57 1 0
altastore/lib/database/cartLibDB.go:38.4,43.24 3 0
altastore/lib/database/cartLibDB.go:34.57,35.13 1 0
altastore/lib/database/cartLibDB.go:43.24,45.59 1 0
altastore/lib/database/cartLibDB.go:49.5,49.21 1 0
altastore/lib/database/cartLibDB.go:45.59,47.6 1 0
altastore/lib/database/cartLibDB.go:55.16,57.3 1 0
altastore/lib/database/cartLibDB.go:61.65,62.23 1 0
altastore/lib/database/cartLibDB.go:66.2,69.55 3 0
altastore/lib/database/cartLibDB.go:86.2,86.16 1 0
altastore/lib/database/cartLibDB.go:89.2,89.25 1 0
altastore/lib/database/cartLibDB.go:62.23,64.3 1 0
altastore/lib/database/cartLibDB.go:69.55,70.34 1 0
altastore/lib/database/cartLibDB.go:83.3,83.13 1 0
altastore/lib/database/cartLibDB.go:70.34,73.30 2 0
altastore/lib/database/cartLibDB.go:77.4,77.35 1 0
altastore/lib/database/cartLibDB.go:81.4,81.17 1 0
altastore/lib/database/cartLibDB.go:73.30,75.5 1 0
altastore/lib/database/cartLibDB.go:77.35,79.5 1 0
altastore/lib/database/cartLibDB.go:86.16,88.3 1 0
altastore/routes/productRoutes.go:7.30,9.2 1 0
altastore/lib/database/adminLibDB.go:14.61,19.22 3 0
altastore/lib/database/adminLibDB.go:23.2,23.27 1 0
altastore/lib/database/adminLibDB.go:27.2,27.18 1 0
altastore/lib/database/adminLibDB.go:19.22,21.3 1 0
altastore/lib/database/adminLibDB.go:23.27,25.3 1 0
altastore/lib/database/adminLibDB.go:30.61,31.51 1 0
altastore/lib/database/adminLibDB.go:35.2,35.24 1 0
altastore/lib/database/adminLibDB.go:39.2,40.16 2 0
altastore/lib/database/adminLibDB.go:44.2,47.64 3 0
altastore/lib/database/adminLibDB.go:77.2,81.24 4 0
altastore/lib/database/adminLibDB.go:85.2,85.24 1 0
altastore/lib/database/adminLibDB.go:31.51,33.3 1 0
altastore/lib/database/adminLibDB.go:35.24,37.3 1 0
altastore/lib/database/adminLibDB.go:40.16,42.3 1 0
altastore/lib/database/adminLibDB.go:47.64,50.30 2 0
altastore/lib/database/adminLibDB.go:57.3,57.35 1 0
altastore/lib/database/adminLibDB.go:61.3,65.31 4 0
altastore/lib/database/adminLibDB.go:69.3,69.36 1 0
altastore/lib/database/adminLibDB.go:73.3,73.13 1 0
altastore/lib/database/adminLibDB.go:50.30,51.65 1 0
altastore/lib/database/adminLibDB.go:54.4,54.27 1 0
altastore/lib/database/adminLibDB.go:51.65,53.5 1 0
altastore/lib/database/adminLibDB.go:57.35,59.4 1 0
altastore/lib/database/adminLibDB.go:65.31,67.4 1 0
altastore/lib/database/adminLibDB.go:69.36,71.4 1 0
altastore/lib/database/adminLibDB.go:81.24,83.3 1 0
altastore/lib/database/userLibDB.go:12.59,13.21 1 0
altastore/lib/database/userLibDB.go:16.2,20.22 3 0
altastore/lib/database/userLibDB.go:26.2,26.19 1 0
altastore/lib/database/userLibDB.go:13.21,15.3 1 0
altastore/lib/database/userLibDB.go:20.22,21.57 1 0
altastore/lib/database/userLibDB.go:24.3,24.24 1 0
altastore/lib/database/userLibDB.go:21.57,23.4 1 0
altastore/lib/database/userLibDB.go:30.57,35.22 3 0
altastore/lib/database/userLibDB.go:39.2,39.27 1 0
altastore/lib/database/userLibDB.go:43.2,43.18 1 0
altastore/lib/database/userLibDB.go:35.22,37.3 1 0
altastore/lib/database/userLibDB.go:39.27,41.3 1 0
altastore/lib/database/userLibDB.go:46.60,47.51 1 0
altastore/lib/database/userLibDB.go:51.2,51.24 1 0
altastore/lib/database/userLibDB.go:55.2,56.16 2 0
altastore/lib/database/userLibDB.go:59.2,62.22 3 0
altastore/lib/database/userLibDB.go:65.2,70.24 5 0
altastore/lib/database/userLibDB.go:47.51,49.3 1 0
altastore/lib/database/userLibDB.go:51.24,53.3 1 0
altastore/lib/database/userLibDB.go:56.16,58.3 1 0
altastore/lib/database/userLibDB.go:62.22,64.3 1 0
altastore/lib/database/userLibDB.go:73.74,78.22 3 0
altastore/lib/database/userLibDB.go:82.2,82.27 1 0
altastore/lib/database/userLibDB.go:86.2,91.25 5 0
altastore/lib/database/userLibDB.go:78.22,80.3 1 0
altastore/lib/database/userLibDB.go:82.27,84.3 1 0
altastore/lib/database/userLibDB.go:94.39,98.22 3 0
altastore/lib/database/userLibDB.go:102.2,102.27 1 0
altastore/lib/database/userLibDB.go:106.2,112.22 4 0
altastore/lib/database/userLibDB.go:116.2,116.27 1 0
altastore/lib/database/userLibDB.go:120.2,120.12 1 0
altastore/lib/database/userLibDB.go:98.22,100.3 1 0
altastore/lib/database/userLibDB.go:102.27,104.3 1 0
altastore/lib/database/userLibDB.go:112.22,114.3 1 0
altastore/lib/database/userLibDB.go:116.27,118.3 1 0
altastore/controllers/checkout/checkoutController.go:13.58,17.16 3 0
altastore/controllers/checkout/checkoutController.go:24.2,28.81 1 0
altastore/controllers/checkout/checkoutController.go:17.16,22.3 1 0
altastore/controllers/checkout/checkoutController.go:31.58,37.16 5 0
altastore/controllers/checkout/checkoutController.go:44.2,48.81 1 0
altastore/controllers/checkout/checkoutController.go:37.16,42.3 1 0
altastore/routes/mainRoutes.go:9.23,29.2 10 0
altastore/routes/userRoutes.go:8.27,24.2 8 0
altastore/lib/database/loginLibDB.go:11.51,15.27 3 0
altastore/lib/database/loginLibDB.go:19.2,19.22 1 0
altastore/lib/database/loginLibDB.go:23.2,23.78 1 0
altastore/lib/database/loginLibDB.go:30.2,32.16 2 0
altastore/lib/database/loginLibDB.go:36.2,36.19 1 0
altastore/lib/database/loginLibDB.go:15.27,17.3 1 0
altastore/lib/database/loginLibDB.go:19.22,21.3 1 0
altastore/lib/database/loginLibDB.go:23.78,24.91 1 0
altastore/lib/database/loginLibDB.go:27.3,27.17 1 0
altastore/lib/database/loginLibDB.go:24.91,26.4 1 0
altastore/lib/database/loginLibDB.go:32.16,34.3 1 0
altastore/lib/database/paymentLibDB.go:12.80,19.42 4 0
altastore/lib/database/paymentLibDB.go:23.2,23.47 1 0
altastore/lib/database/paymentLibDB.go:27.2,27.47 1 0
altastore/lib/database/paymentLibDB.go:37.2,39.38 2 0
altastore/lib/database/paymentLibDB.go:54.2,54.17 1 0
altastore/lib/database/paymentLibDB.go:19.42,21.3 1 0
altastore/lib/database/paymentLibDB.go:23.47,25.3 1 0
altastore/lib/database/paymentLibDB.go:27.47,28.56 1 0
altastore/lib/database/paymentLibDB.go:28.56,32.4 3 0
altastore/lib/database/paymentLibDB.go:32.9,34.4 1 0
altastore/lib/database/paymentLibDB.go:39.38,46.44 6 0
altastore/lib/database/paymentLibDB.go:50.3,50.28 1 0
altastore/lib/database/paymentLibDB.go:46.44,48.4 1 0
altastore/lib/database/paymentLibDB.go:57.102,62.34 3 0
altastore/lib/database/paymentLibDB.go:66.2,66.39 1 0
altastore/lib/database/paymentLibDB.go:70.2,70.54 1 0
altastore/lib/database/paymentLibDB.go:74.2,74.69 1 0
altastore/lib/database/paymentLibDB.go:78.2,80.54 2 0
altastore/lib/database/paymentLibDB.go:84.2,84.29 1 0
altastore/lib/database/paymentLibDB.go:88.2,92.28 3 0
altastore/lib/database/paymentLibDB.go:96.2,96.33 1 0
altastore/lib/database/paymentLibDB.go:100.2,108.21 7 0
altastore/lib/database/paymentLibDB.go:62.34,64.3 1 0
altastore/lib/database/paymentLibDB.go:66.39,68.3 1 0
altastore/lib/database/paymentLibDB.go:70.54,72.3 1 0
altastore/lib/database/paymentLibDB.go:74.69,76.3 1 0
altastore/lib/database/paymentLibDB.go:80.54,82.3 1 0
altastore/lib/database/paymentLibDB.go:84.29,86.3 1 0
altastore/lib/database/paymentLibDB.go:92.28,94.3 1 0
altastore/lib/database/paymentLibDB.go:96.33,98.3 1 0
altastore/controllers/cart/cartController.go:13.54,17.16 3 0
altastore/controllers/cart/cartController.go:24.2,28.85 1 0
altastore/controllers/cart/cartController.go:17.16,22.3 1 0
altastore/controllers/cart/cartController.go:35.57,43.16 5 0
altastore/controllers/cart/cartController.go:50.2,53.52 1 0
altastore/controllers/cart/cartController.go:43.16,48.3 1 0
altastore/controllers/cart/cartController.go:56.57,64.16 5 0
altastore/controllers/cart/cartController.go:71.2,71.23 1 0
altastore/controllers/cart/cartController.go:78.2,81.52 1 0
altastore/controllers/cart/cartController.go:64.16,69.3 1 0
altastore/controllers/cart/cartController.go:71.23,76.3 1 0
altastore/util/jwt/createJWT.go:9.42,15.2 5 0
altastore/controllers/login/loginController.go:12.48,18.16 4 0
altastore/controllers/login/loginController.go:25.2,29.68 1 0
altastore/controllers/login/loginController.go:18.16,23.3 1 0
altastore/middlewares/protect.go:14.63,15.36 1 0
altastore/middlewares/protect.go:15.36,18.47 2 0
altastore/middlewares/protect.go:25.3,27.25 2 0
altastore/middlewares/protect.go:34.3,36.28 2 0
altastore/middlewares/protect.go:43.3,48.13 3 0
altastore/middlewares/protect.go:55.3,57.17 2 0
altastore/middlewares/protect.go:18.47,23.4 1 0
altastore/middlewares/protect.go:27.25,32.4 1 0
altastore/middlewares/protect.go:36.28,41.4 1 0
altastore/middlewares/protect.go:48.13,53.4 1 0
altastore/middlewares/protect.go:61.54,62.36 1 0
altastore/middlewares/protect.go:62.36,65.25 3 0
altastore/middlewares/protect.go:71.3,71.17 1 0
altastore/middlewares/protect.go:65.25,70.4 1 0
altastore/middlewares/protect.go:75.64,77.83 1 0
altastore/middlewares/protect.go:84.2,84.67 1 0
altastore/middlewares/protect.go:88.2,88.23 1 0
altastore/middlewares/protect.go:77.83,78.58 1 0
altastore/middlewares/protect.go:81.3,81.50 1 0
altastore/middlewares/protect.go:78.58,80.4 1 0
altastore/middlewares/protect.go:84.67,86.3 1 0
altastore/middlewares/protect.go:14.63,15.36 1 0
altastore/middlewares/protect.go:15.36,18.47 2 0
altastore/middlewares/protect.go:25.3,27.25 2 0
altastore/middlewares/protect.go:34.3,36.28 2 0
altastore/middlewares/protect.go:43.3,48.13 3 0
altastore/middlewares/protect.go:55.3,57.17 2 0
altastore/middlewares/protect.go:18.47,23.4 1 0
altastore/middlewares/protect.go:27.25,32.4 1 0
altastore/middlewares/protect.go:36.28,41.4 1 0
altastore/middlewares/protect.go:48.13,53.4 1 0
altastore/middlewares/protect.go:61.54,62.36 1 0
altastore/middlewares/protect.go:62.36,65.25 3 0
altastore/middlewares/protect.go:71.3,71.17 1 0
altastore/middlewares/protect.go:65.25,70.4 1 0
altastore/middlewares/protect.go:75.64,77.83 1 0
altastore/middlewares/protect.go:84.2,84.67 1 0
altastore/middlewares/protect.go:88.2,88.23 1 0
altastore/middlewares/protect.go:77.83,78.58 1 0
altastore/middlewares/protect.go:81.3,81.50 1 0
altastore/middlewares/protect.go:78.58,80.4 1 0
altastore/middlewares/protect.go:84.67,86.3 1 0
altastore/config/config.go:18.15,20.17 2 0
altastore/config/config.go:24.2,34.17 4 0
altastore/config/config.go:38.2,45.33 8 0
altastore/config/config.go:20.17,22.3 1 0
altastore/config/config.go:34.17,35.14 1 0
altastore/config/config.go:49.19,52.54 1 1
altastore/config/config.go:56.2,65.16 4 1
altastore/config/config.go:68.2,68.19 1 1
altastore/config/config.go:52.54,54.3 1 0
altastore/config/config.go:65.16,66.13 1 0
altastore/config/config.go:71.24,77.2 2 1
altastore/lib/database/loginLibDB.go:11.51,15.27 3 0
altastore/lib/database/loginLibDB.go:19.2,19.22 1 0
altastore/lib/database/loginLibDB.go:23.2,23.78 1 0
altastore/lib/database/loginLibDB.go:30.2,32.16 2 0
altastore/lib/database/loginLibDB.go:36.2,36.19 1 0
altastore/lib/database/loginLibDB.go:15.27,17.3 1 0
altastore/lib/database/loginLibDB.go:19.22,21.3 1 0
altastore/lib/database/loginLibDB.go:23.78,24.91 1 0
altastore/lib/database/loginLibDB.go:27.3,27.17 1 0
altastore/lib/database/loginLibDB.go:24.91,26.4 1 0
altastore/lib/database/loginLibDB.go:32.16,34.3 1 0
altastore/controllers/login/loginController.go:12.48,18.16 4 0
altastore/controllers/login/loginController.go:25.2,29.68 1 0
altastore/controllers/login/loginController.go:18.16,23.3 1 0
altastore/routes/userRoutes.go:8.27,24.2 8 0
altastore/lib/database/checkoutLibDB.go:13.65,17.32 3 0
altastore/lib/database/checkoutLibDB.go:21.2,21.37 1 0
altastore/lib/database/checkoutLibDB.go:25.2,27.32 2 0
altastore/lib/database/checkoutLibDB.go:31.2,37.22 6 0
altastore/lib/database/checkoutLibDB.go:17.32,19.3 1 0
altastore/lib/database/checkoutLibDB.go:21.37,23.3 1 0
altastore/lib/database/checkoutLibDB.go:27.32,29.3 1 0
altastore/lib/database/checkoutLibDB.go:40.103,45.30 3 0
altastore/lib/database/checkoutLibDB.go:49.2,49.35 1 0
altastore/lib/database/checkoutLibDB.go:56.2,61.55 4 0
altastore/lib/database/checkoutLibDB.go:137.2,137.16 1 0
altastore/lib/database/checkoutLibDB.go:144.2,144.28 1 0
altastore/lib/database/checkoutLibDB.go:45.30,47.3 1 0
altastore/lib/database/checkoutLibDB.go:49.35,51.3 1 0
altastore/lib/database/checkoutLibDB.go:61.55,67.29 3 0
altastore/lib/database/checkoutLibDB.go:71.3,71.34 1 0
altastore/lib/database/checkoutLibDB.go:75.3,84.39 7 0
altastore/lib/database/checkoutLibDB.go:91.3,91.44 1 0
altastore/lib/database/checkoutLibDB.go:95.3,99.34 4 0
altastore/lib/database/checkoutLibDB.go:119.3,121.38 2 0
altastore/lib/database/checkoutLibDB.go:125.3,125.43 1 0
altastore/lib/database/checkoutLibDB.go:129.3,134.13 5 0
altastore/lib/database/checkoutLibDB.go:67.29,69.4 1 0
altastore/lib/database/checkoutLibDB.go:71.34,73.4 1 0
altastore/lib/database/checkoutLibDB.go:84.39,85.74 1 0
altastore/lib/database/checkoutLibDB.go:88.4,88.36 1 0
altastore/lib/database/checkoutLibDB.go:85.74,87.6 1 0
altastore/lib/database/checkoutLibDB.go:91.44,93.4 1 0
altastore/lib/database/checkoutLibDB.go:99.34,107.46 6 0
altastore/lib/database/checkoutLibDB.go:114.4,114.51 1 0
altastore/lib/database/checkoutLibDB.go:107.46,108.81 1 0
altastore/lib/database/checkoutLibDB.go:111.5,111.43 1 0
altastore/lib/database/checkoutLibDB.go:108.81,110.6 1 0
altastore/lib/database/checkoutLibDB.go:114.51,116.5 1 0
altastore/lib/database/checkoutLibDB.go:121.38,123.4 1 0
altastore/lib/database/checkoutLibDB.go:125.43,127.4 1 0
altastore/lib/database/checkoutLibDB.go:137.16,138.44 1 0
altastore/lib/database/checkoutLibDB.go:141.3,141.29 1 0
altastore/lib/database/checkoutLibDB.go:138.44,140.4 1 0
altastore/lib/database/paymentLibDB.go:12.80,19.42 4 0
altastore/lib/database/paymentLibDB.go:23.2,23.47 1 0
altastore/lib/database/paymentLibDB.go:27.2,27.47 1 0
altastore/lib/database/paymentLibDB.go:37.2,39.38 2 0
altastore/lib/database/paymentLibDB.go:54.2,54.17 1 0
altastore/lib/database/paymentLibDB.go:19.42,21.3 1 0
altastore/lib/database/paymentLibDB.go:23.47,25.3 1 0
altastore/lib/database/paymentLibDB.go:27.47,28.56 1 0
altastore/lib/database/paymentLibDB.go:28.56,32.4 3 0
altastore/lib/database/paymentLibDB.go:32.9,34.4 1 0
altastore/lib/database/paymentLibDB.go:39.38,46.44 6 0
altastore/lib/database/paymentLibDB.go:50.3,50.28 1 0
altastore/lib/database/paymentLibDB.go:46.44,48.4 1 0
altastore/lib/database/paymentLibDB.go:57.102,62.34 3 0
altastore/lib/database/paymentLibDB.go:66.2,66.39 1 0
altastore/lib/database/paymentLibDB.go:70.2,70.54 1 0
altastore/lib/database/paymentLibDB.go:74.2,74.69 1 0
altastore/lib/database/paymentLibDB.go:78.2,80.54 2 0
altastore/lib/database/paymentLibDB.go:84.2,84.29 1 0
altastore/lib/database/paymentLibDB.go:88.2,92.28 3 0
altastore/lib/database/paymentLibDB.go:96.2,96.33 1 0
altastore/lib/database/paymentLibDB.go:100.2,108.21 7 0
altastore/lib/database/paymentLibDB.go:62.34,64.3 1 0
altastore/lib/database/paymentLibDB.go:66.39,68.3 1 0
altastore/lib/database/paymentLibDB.go:70.54,72.3 1 0
altastore/lib/database/paymentLibDB.go:74.69,76.3 1 0
altastore/lib/database/paymentLibDB.go:80.54,82.3 1 0
altastore/lib/database/paymentLibDB.go:84.29,86.3 1 0
altastore/lib/database/paymentLibDB.go:92.28,94.3 1 0
altastore/lib/database/paymentLibDB.go:96.33,98.3 1 0
altastore/util/password/hash.go:9.44,13.16 3 0
altastore/util/password/hash.go:17.2,17.28 1 0
altastore/util/password/hash.go:13.16,15.3 1 0
altastore/util/password/hash.go:20.59,23.16 2 0
altastore/util/password/hash.go:27.2,27.18 1 0
altastore/util/password/hash.go:23.16,25.3 1 0
altastore/lib/database/productLibDB.go:9.68,12.24 2 1
altastore/lib/database/productLibDB.go:35.2,35.22 1 1
altastore/lib/database/productLibDB.go:12.24,15.33 2 1
altastore/lib/database/productLibDB.go:19.3,19.38 1 1
altastore/lib/database/productLibDB.go:15.33,17.4 1 0
altastore/lib/database/productLibDB.go:19.38,21.4 1 0
altastore/lib/database/productLibDB.go:22.8,25.33 2 1
altastore/lib/database/productLibDB.go:29.3,29.38 1 1
altastore/lib/database/productLibDB.go:25.33,27.4 1 0
altastore/lib/database/productLibDB.go:29.38,31.4 1 1
altastore/lib/database/userLibDB.go:12.59,13.21 1 0
altastore/lib/database/userLibDB.go:16.2,20.22 3 0
altastore/lib/database/userLibDB.go:26.2,26.19 1 0
altastore/lib/database/userLibDB.go:13.21,15.3 1 0
altastore/lib/database/userLibDB.go:20.22,21.57 1 0
altastore/lib/database/userLibDB.go:24.3,24.24 1 0
altastore/lib/database/userLibDB.go:21.57,23.4 1 0
altastore/lib/database/userLibDB.go:30.57,35.22 3 0
altastore/lib/database/userLibDB.go:39.2,39.27 1 0
altastore/lib/database/userLibDB.go:43.2,43.18 1 0
altastore/lib/database/userLibDB.go:35.22,37.3 1 0
altastore/lib/database/userLibDB.go:39.27,41.3 1 0
altastore/lib/database/userLibDB.go:46.60,47.51 1 0
altastore/lib/database/userLibDB.go:51.2,51.24 1 0
altastore/lib/database/userLibDB.go:55.2,56.16 2 0
altastore/lib/database/userLibDB.go:59.2,62.22 3 0
altastore/lib/database/userLibDB.go:65.2,70.24 5 0
altastore/lib/database/userLibDB.go:47.51,49.3 1 0
altastore/lib/database/userLibDB.go:51.24,53.3 1 0
altastore/lib/database/userLibDB.go:56.16,58.3 1 0
altastore/lib/database/userLibDB.go:62.22,64.3 1 0
altastore/lib/database/userLibDB.go:73.74,78.22 3 0
altastore/lib/database/userLibDB.go:82.2,82.27 1 0
altastore/lib/database/userLibDB.go:86.2,91.25 5 0
altastore/lib/database/userLibDB.go:78.22,80.3 1 0
altastore/lib/database/userLibDB.go:82.27,84.3 1 0
altastore/lib/database/userLibDB.go:94.39,98.22 3 0
altastore/lib/database/userLibDB.go:102.2,102.27 1 0
altastore/lib/database/userLibDB.go:106.2,112.22 4 0
altastore/lib/database/userLibDB.go:116.2,116.27 1 0
altastore/lib/database/userLibDB.go:120.2,120.12 1 0
altastore/lib/database/userLibDB.go:98.22,100.3 1 0
altastore/lib/database/userLibDB.go:102.27,104.3 1 0
altastore/lib/database/userLibDB.go:112.22,114.3 1 0
altastore/lib/database/userLibDB.go:116.27,118.3 1 0
altastore/routes/cartRoutes.go:8.27,18.2 5 0
altastore/routes/checkoutRoutes.go:8.31,16.2 4 0
altastore/controllers/cart/cartController.go:13.54,17.16 3 0
altastore/controllers/cart/cartController.go:24.2,28.85 1 0
altastore/controllers/cart/cartController.go:17.16,22.3 1 0
altastore/controllers/cart/cartController.go:35.57,43.16 5 0
altastore/controllers/cart/cartController.go:50.2,53.52 1 0
altastore/controllers/cart/cartController.go:43.16,48.3 1 0
altastore/controllers/cart/cartController.go:56.57,64.16 5 0
altastore/controllers/cart/cartController.go:71.2,71.23 1 0
altastore/controllers/cart/cartController.go:78.2,81.52 1 0
altastore/controllers/cart/cartController.go:64.16,69.3 1 0
altastore/controllers/cart/cartController.go:71.23,76.3 1 0
altastore/controllers/payment/paymentController.go:13.57,17.16 3 0
altastore/controllers/payment/paymentController.go:24.2,27.46 1 0
altastore/controllers/payment/paymentController.go:17.16,22.3 1 0
altastore/controllers/payment/paymentController.go:30.56,36.16 5 0
altastore/controllers/payment/paymentController.go:50.2,53.43 1 0
altastore/controllers/payment/paymentController.go:36.16,41.3 1 0
altastore/routes/adminRoutes.go:8.28,22.2 5 0
altastore/routes/productRoutes.go:7.30,9.2 1 0
altastore/util/jwt/createJWT.go:9.42,15.2 5 0
altastore/controllers/admin/adminController.go:14.55,19.16 3 0
altastore/controllers/admin/adminController.go:26.2,29.41 1 0
altastore/controllers/admin/adminController.go:19.16,24.3 1 0
altastore/controllers/admin/adminController.go:33.47,40.16 5 0
altastore/controllers/admin/adminController.go:47.2,51.70 1 0
altastore/controllers/admin/adminController.go:40.16,45.3 1 0
altastore/controllers/user/userController.go:14.47,19.16 3 0
altastore/controllers/user/userController.go:26.2,30.82 1 0
altastore/controllers/user/userController.go:19.16,24.3 1 0
altastore/controllers/user/userController.go:33.50,38.16 3 0
altastore/controllers/user/userController.go:45.2,49.83 1 0
altastore/controllers/user/userController.go:38.16,43.3 1 0
altastore/controllers/user/userController.go:52.46,58.16 4 0
altastore/controllers/user/userController.go:65.2,69.69 1 0
altastore/controllers/user/userController.go:58.16,63.3 1 0
altastore/controllers/user/userController.go:73.47,81.16 5 0
altastore/controllers/user/userController.go:88.2,92.77 1 0
altastore/controllers/user/userController.go:81.16,86.3 1 0
altastore/controllers/user/userController.go:95.49,100.16 3 0
altastore/controllers/user/userController.go:107.2,110.58 1 0
altastore/controllers/user/userController.go:100.16,105.3 1 0
altastore/controllers/user/userController.go:113.48,119.16 4 0
altastore/controllers/user/userController.go:126.2,130.68 1 0
altastore/controllers/user/userController.go:119.16,124.3 1 0
altastore/routes/mainRoutes.go:9.23,29.2 10 0
altastore/routes/rootMiddleware.go:7.31,14.2 2 0
altastore/controllers/checkout/checkoutController.go:13.58,17.16 3 0
altastore/controllers/checkout/checkoutController.go:24.2,28.81 1 0
altastore/controllers/checkout/checkoutController.go:17.16,22.3 1 0
altastore/controllers/checkout/checkoutController.go:31.58,37.16 5 0
altastore/controllers/checkout/checkoutController.go:44.2,48.81 1 0
altastore/controllers/checkout/checkoutController.go:37.16,42.3 1 0
altastore/main.go:8.13,14.2 3 0
altastore/controllers/product/productController.go:12.50,17.16 3 1
altastore/controllers/product/productController.go:24.2,28.95 1 1
altastore/controllers/product/productController.go:17.16,22.3 1 1
altastore/lib/database/adminLibDB.go:14.61,19.22 3 0
altastore/lib/database/adminLibDB.go:23.2,23.27 1 0
altastore/lib/database/adminLibDB.go:27.2,27.18 1 0
altastore/lib/database/adminLibDB.go:19.22,21.3 1 0
altastore/lib/database/adminLibDB.go:23.27,25.3 1 0
altastore/lib/database/adminLibDB.go:30.61,31.51 1 0
altastore/lib/database/adminLibDB.go:35.2,35.24 1 0
altastore/lib/database/adminLibDB.go:39.2,40.16 2 0
altastore/lib/database/adminLibDB.go:44.2,47.64 3 0
altastore/lib/database/adminLibDB.go:77.2,81.24 4 0
altastore/lib/database/adminLibDB.go:85.2,85.24 1 0
altastore/lib/database/adminLibDB.go:31.51,33.3 1 0
altastore/lib/database/adminLibDB.go:35.24,37.3 1 0
altastore/lib/database/adminLibDB.go:40.16,42.3 1 0
altastore/lib/database/adminLibDB.go:47.64,50.30 2 0
altastore/lib/database/adminLibDB.go:57.3,57.35 1 0
altastore/lib/database/adminLibDB.go:61.3,65.31 4 0
altastore/lib/database/adminLibDB.go:69.3,69.36 1 0
altastore/lib/database/adminLibDB.go:73.3,73.13 1 0
altastore/lib/database/adminLibDB.go:50.30,51.65 1 0
altastore/lib/database/adminLibDB.go:54.4,54.27 1 0
altastore/lib/database/adminLibDB.go:51.65,53.5 1 0
altastore/lib/database/adminLibDB.go:57.35,59.4 1 0
altastore/lib/database/adminLibDB.go:65.31,67.4 1 0
altastore/lib/database/adminLibDB.go:69.36,71.4 1 0
altastore/lib/database/adminLibDB.go:81.24,83.3 1 0
altastore/lib/database/cartLibDB.go:13.60,18.22 3 0
altastore/lib/database/cartLibDB.go:22.2,22.27 1 0
altastore/lib/database/cartLibDB.go:26.2,26.18 1 0
altastore/lib/database/cartLibDB.go:18.22,20.3 1 0
altastore/lib/database/cartLibDB.go:22.27,24.3 1 0
altastore/lib/database/cartLibDB.go:30.68,31.55 1 0
altastore/lib/database/cartLibDB.go:55.2,55.16 1 0
altastore/lib/database/cartLibDB.go:58.2,58.12 1 0
altastore/lib/database/cartLibDB.go:31.55,32.37 1 0
altastore/lib/database/cartLibDB.go:52.3,52.13 1 0
altastore/lib/database/cartLibDB.go:32.37,34.57 1 0
altastore/lib/database/cartLibDB.go:38.4,43.24 3 0
altastore/lib/database/cartLibDB.go:34.57,35.13 1 0
altastore/lib/database/cartLibDB.go:43.24,45.59 1 0
altastore/lib/database/cartLibDB.go:49.5,49.21 1 0
altastore/lib/database/cartLibDB.go:45.59,47.6 1 0
altastore/lib/database/cartLibDB.go:55.16,57.3 1 0
altastore/lib/database/cartLibDB.go:61.65,62.23 1 0
altastore/lib/database/cartLibDB.go:66.2,69.55 3 0
altastore/lib/database/cartLibDB.go:86.2,86.16 1 0
altastore/lib/database/cartLibDB.go:89.2,89.25 1 0
altastore/lib/database/cartLibDB.go:62.23,64.3 1 0
altastore/lib/database/cartLibDB.go:69.55,70.34 1 0
altastore/lib/database/cartLibDB.go:83.3,83.13 1 0
altastore/lib/database/cartLibDB.go:70.34,73.30 2 0
altastore/lib/database/cartLibDB.go:77.4,77.35 1 0
altastore/lib/database/cartLibDB.go:81.4,81.17 1 0
altastore/lib/database/cartLibDB.go:73.30,75.5 1 0
altastore/lib/database/cartLibDB.go:77.35,79.5 1 0
altastore/lib/database/cartLibDB.go:86.16,88.3 1 0
altastore/routes/loginRoutes.go:7.28,11.2 1 0
altastore/routes/paymentRoutes.go:8.30,16.2 4 0
altastore/routes/productRoutes.go:7.30,9.2 1 0
altastore/routes/rootMiddleware.go:7.31,14.2 2 0
altastore/routes/userRoutes.go:8.27,24.2 8 0
altastore/util/jwt/createJWT.go:9.42,15.2 5 0
altastore/util/password/hash.go:9.44,13.16 3 0
altastore/util/password/hash.go:17.2,17.28 1 0
altastore/util/password/hash.go:13.16,15.3 1 0
altastore/util/password/hash.go:20.59,23.16 2 0
altastore/util/password/hash.go:27.2,27.18 1 0
altastore/util/password/hash.go:23.16,25.3 1 0
altastore/lib/database/cartLibDB.go:13.60,18.22 3 1
altastore/lib/database/cartLibDB.go:22.2,22.27 1 1
altastore/lib/database/cartLibDB.go:26.2,26.18 1 1
altastore/lib/database/cartLibDB.go:18.22,20.3 1 0
altastore/lib/database/cartLibDB.go:22.27,24.3 1 1
altastore/lib/database/cartLibDB.go:30.68,31.55 1 1
altastore/lib/database/cartLibDB.go:55.2,55.16 1 1
altastore/lib/database/cartLibDB.go:58.2,58.12 1 1
altastore/lib/database/cartLibDB.go:31.55,32.37 1 1
altastore/lib/database/cartLibDB.go:52.3,52.13 1 1
altastore/lib/database/cartLibDB.go:32.37,34.57 1 1
altastore/lib/database/cartLibDB.go:38.4,43.24 3 1
altastore/lib/database/cartLibDB.go:34.57,35.13 1 0
altastore/lib/database/cartLibDB.go:43.24,45.59 1 1
altastore/lib/database/cartLibDB.go:49.5,49.21 1 0
altastore/lib/database/cartLibDB.go:45.59,47.6 1 1
altastore/lib/database/cartLibDB.go:55.16,57.3 1 1
altastore/lib/database/cartLibDB.go:61.65,62.23 1 1
altastore/lib/database/cartLibDB.go:66.2,69.55 3 1
altastore/lib/database/cartLibDB.go:86.2,86.16 1 1
altastore/lib/database/cartLibDB.go:89.2,89.25 1 1
altastore/lib/database/cartLibDB.go:62.23,64.3 1 0
altastore/lib/database/cartLibDB.go:69.55,70.34 1 1
altastore/lib/database/cartLibDB.go:83.3,83.13 1 1
altastore/lib/database/cartLibDB.go:70.34,73.30 2 1
altastore/lib/database/cartLibDB.go:77.4,77.35 1 1
altastore/lib/database/cartLibDB.go:81.4,81.17 1 1
altastore/lib/database/cartLibDB.go:73.30,75.5 1 0
altastore/lib/database/cartLibDB.go:77.35,79.5 1 1
altastore/lib/database/cartLibDB.go:86.16,88.3 1 1
altastore/routes/checkoutRoutes.go:8.31,16.2 4 0
altastore/routes/cartRoutes.go:8.27,18.2 5 0
altastore/routes/mainRoutes.go:9.23,29.2 10 0
altastore/lib/database/checkoutLibDB.go:13.65,17.32 3 0
altastore/lib/database/checkoutLibDB.go:21.2,21.37 1 0
altastore/lib/database/checkoutLibDB.go:25.2,27.32 2 0
altastore/lib/database/checkoutLibDB.go:31.2,37.22 6 0
altastore/lib/database/checkoutLibDB.go:17.32,19.3 1 0
altastore/lib/database/checkoutLibDB.go:21.37,23.3 1 0
altastore/lib/database/checkoutLibDB.go:27.32,29.3 1 0
altastore/lib/database/checkoutLibDB.go:40.103,45.30 3 0
altastore/lib/database/checkoutLibDB.go:49.2,49.35 1 0
altastore/lib/database/checkoutLibDB.go:56.2,61.55 4 0
altastore/lib/database/checkoutLibDB.go:137.2,137.16 1 0
altastore/lib/database/checkoutLibDB.go:144.2,144.28 1 0
altastore/lib/database/checkoutLibDB.go:45.30,47.3 1 0
altastore/lib/database/checkoutLibDB.go:49.35,51.3 1 0
altastore/lib/database/checkoutLibDB.go:61.55,67.29 3 0
altastore/lib/database/checkoutLibDB.go:71.3,71.34 1 0
altastore/lib/database/checkoutLibDB.go:75.3,84.39 7 0
altastore/lib/database/checkoutLibDB.go:91.3,91.44 1 0
altastore/lib/database/checkoutLibDB.go:95.3,99.34 4 0
altastore/lib/database/checkoutLibDB.go:119.3,121.38 2 0
altastore/lib/database/checkoutLibDB.go:125.3,125.43 1 0
altastore/lib/database/checkoutLibDB.go:129.3,134.13 5 0
altastore/lib/database/checkoutLibDB.go:67.29,69.4 1 0
altastore/lib/database/checkoutLibDB.go:71.34,73.4 1 0
altastore/lib/database/checkoutLibDB.go:84.39,85.74 1 0
altastore/lib/database/checkoutLibDB.go:88.4,88.36 1 0
altastore/lib/database/checkoutLibDB.go:85.74,87.6 1 0
altastore/lib/database/checkoutLibDB.go:91.44,93.4 1 0
altastore/lib/database/checkoutLibDB.go:99.34,107.46 6 0
altastore/lib/database/checkoutLibDB.go:114.4,114.51 1 0
altastore/lib/database/checkoutLibDB.go:107.46,108.81 1 0
altastore/lib/database/checkoutLibDB.go:111.5,111.43 1 0
altastore/lib/database/checkoutLibDB.go:108.81,110.6 1 0
altastore/lib/database/checkoutLibDB.go:114.51,116.5 1 0
altastore/lib/database/checkoutLibDB.go:121.38,123.4 1 0
altastore/lib/database/checkoutLibDB.go:125.43,127.4 1 0
altastore/lib/database/checkoutLibDB.go:137.16,138.44 1 0
altastore/lib/database/checkoutLibDB.go:141.3,141.29 1 0
altastore/lib/database/checkoutLibDB.go:138.44,140.4 1 0
altastore/lib/database/loginLibDB.go:11.51,15.27 3 0
altastore/lib/database/loginLibDB.go:19.2,19.22 1 0
altastore/lib/database/loginLibDB.go:23.2,23.78 1 0
altastore/lib/database/loginLibDB.go:30.2,32.16 2 0
altastore/lib/database/loginLibDB.go:36.2,36.19 1 0
altastore/lib/database/loginLibDB.go:15.27,17.3 1 0
altastore/lib/database/loginLibDB.go:19.22,21.3 1 0
altastore/lib/database/loginLibDB.go:23.78,24.91 1 0
altastore/lib/database/loginLibDB.go:27.3,27.17 1 0
altastore/lib/database/loginLibDB.go:24.91,26.4 1 0
altastore/lib/database/loginLibDB.go:32.16,34.3 1 0
altastore/lib/database/productLibDB.go:9.68,12.24 2 0
altastore/lib/database/productLibDB.go:35.2,35.22 1 0
altastore/lib/database/productLibDB.go:12.24,15.33 2 0
altastore/lib/database/productLibDB.go:19.3,19.38 1 0
altastore/lib/database/productLibDB.go:15.33,17.4 1 0
altastore/lib/database/productLibDB.go:19.38,21.4 1 0
altastore/lib/database/productLibDB.go:22.8,25.33 2 0
altastore/lib/database/productLibDB.go:29.3,29.38 1 0
altastore/lib/database/productLibDB.go:25.33,27.4 1 0
altastore/lib/database/productLibDB.go:29.38,31.4 1 0
altastore/controllers/product/productController.go:12.50,17.16 3 0
altastore/controllers/product/productController.go:24.2,28.95 1 0
altastore/controllers/product/productController.go:17.16,22.3 1 0
altastore/lib/database/userLibDB.go:12.59,13.21 1 0
altastore/lib/database/userLibDB.go:16.2,20.22 3 0
altastore/lib/database/userLibDB.go:26.2,26.19 1 0
altastore/lib/database/userLibDB.go:13.21,15.3 1 0
altastore/lib/database/userLibDB.go:20.22,21.57 1 0
altastore/lib/database/userLibDB.go:24.3,24.24 1 0
altastore/lib/database/userLibDB.go:21.57,23.4 1 0
altastore/lib/database/userLibDB.go:30.57,35.22 3 0
altastore/lib/database/userLibDB.go:39.2,39.27 1 0
altastore/lib/database/userLibDB.go:43.2,43.18 1 0
altastore/lib/database/userLibDB.go:35.22,37.3 1 0
altastore/lib/database/userLibDB.go:39.27,41.3 1 0
altastore/lib/database/userLibDB.go:46.60,47.51 1 0
altastore/lib/database/userLibDB.go:51.2,51.24 1 0
altastore/lib/database/userLibDB.go:55.2,56.16 2 0
altastore/lib/database/userLibDB.go:59.2,62.22 3 0
altastore/lib/database/userLibDB.go:65.2,70.24 5 0
altastore/lib/database/userLibDB.go:47.51,49.3 1 0
altastore/lib/database/userLibDB.go:51.24,53.3 1 0
altastore/lib/database/userLibDB.go:56.16,58.3 1 0
altastore/lib/database/userLibDB.go:62.22,64.3 1 0
altastore/lib/database/userLibDB.go:73.74,78.22 3 0
altastore/lib/database/userLibDB.go:82.2,82.27 1 0
altastore/lib/database/userLibDB.go:86.2,91.25 5 0
altastore/lib/database/userLibDB.go:78.22,80.3 1 0
altastore/lib/database/userLibDB.go:82.27,84.3 1 0
altastore/lib/database/userLibDB.go:94.39,98.22 3 0
altastore/lib/database/userLibDB.go:102.2,102.27 1 0
altastore/lib/database/userLibDB.go:106.2,112.22 4 0
altastore/lib/database/userLibDB.go:116.2,116.27 1 0
altastore/lib/database/userLibDB.go:120.2,120.12 1 0
altastore/lib/database/userLibDB.go:98.22,100.3 1 0
altastore/lib/database/userLibDB.go:102.27,104.3 1 0
altastore/lib/database/userLibDB.go:112.22,114.3 1 0
altastore/lib/database/userLibDB.go:116.27,118.3 1 0
altastore/controllers/login/loginController.go:12.48,18.16 4 0
altastore/controllers/login/loginController.go:25.2,29.68 1 0
altastore/controllers/login/loginController.go:18.16,23.3 1 0
altastore/routes/loginRoutes.go:7.28,11.2 1 0
altastore/lib/database/paymentLibDB.go:12.80,19.42 4 0
altastore/lib/database/paymentLibDB.go:23.2,23.47 1 0
altastore/lib/database/paymentLibDB.go:27.2,27.47 1 0
altastore/lib/database/paymentLibDB.go:37.2,39.38 2 0
altastore/lib/database/paymentLibDB.go:54.2,54.17 1 0
altastore/lib/database/paymentLibDB.go:19.42,21.3 1 0
altastore/lib/database/paymentLibDB.go:23.47,25.3 1 0
altastore/lib/database/paymentLibDB.go:27.47,28.56 1 0
altastore/lib/database/paymentLibDB.go:28.56,32.4 3 0
altastore/lib/database/paymentLibDB.go:32.9,34.4 1 0
altastore/lib/database/paymentLibDB.go:39.38,46.44 6 0
altastore/lib/database/paymentLibDB.go:50.3,50.28 1 0
altastore/lib/database/paymentLibDB.go:46.44,48.4 1 0
altastore/lib/database/paymentLibDB.go:57.102,62.34 3 0
altastore/lib/database/paymentLibDB.go:66.2,66.39 1 0
altastore/lib/database/paymentLibDB.go:70.2,70.54 1 0
altastore/lib/database/paymentLibDB.go:74.2,74.69 1 0
altastore/lib/database/paymentLibDB.go:78.2,80.54 2 0
altastore/lib/database/paymentLibDB.go:84.2,84.29 1 0
altastore/lib/database/paymentLibDB.go:88.2,92.28 3 0
altastore/lib/database/paymentLibDB.go:96.2,96.33 1 0
altastore/lib/database/paymentLibDB.go:100.2,108.21 7 0
altastore/lib/database/paymentLibDB.go:62.34,64.3 1 0
altastore/lib/database/paymentLibDB.go:66.39,68.3 1 0
altastore/lib/database/paymentLibDB.go:70.54,72.3 1 0
altastore/lib/database/paymentLibDB.go:74.69,76.3 1 0
altastore/lib/database/paymentLibDB.go:80.54,82.3 1 0
altastore/lib/database/paymentLibDB.go:84.29,86.3 1 0
altastore/lib/database/paymentLibDB.go:92.28,94.3 1 0
altastore/lib/database/paymentLibDB.go:96.33,98.3 1 0
altastore/controllers/admin/adminController.go:14.55,19.16 3 0
altastore/controllers/admin/adminController.go:26.2,29.41 1 0
altastore/controllers/admin/adminController.go:19.16,24.3 1 0
altastore/controllers/admin/adminController.go:33.47,40.16 5 0
altastore/controllers/admin/adminController.go:47.2,51.70 1 0
altastore/controllers/admin/adminController.go:40.16,45.3 1 0
altastore/controllers/payment/paymentController.go:13.57,17.16 3 0
altastore/controllers/payment/paymentController.go:24.2,27.46 1 0
altastore/controllers/payment/paymentController.go:17.16,22.3 1 0
altastore/controllers/payment/paymentController.go:30.56,36.16 5 0
altastore/controllers/payment/paymentController.go:50.2,53.43 1 0
altastore/controllers/payment/paymentController.go:36.16,41.3 1 0
altastore/lib/database/adminLibDB.go:14.61,19.22 3 0
altastore/lib/database/adminLibDB.go:23.2,23.27 1 0
altastore/lib/database/adminLibDB.go:27.2,27.18 1 0
altastore/lib/database/adminLibDB.go:19.22,21.3 1 0
altastore/lib/database/adminLibDB.go:23.27,25.3 1 0
altastore/lib/database/adminLibDB.go:30.61,31.51 1 0
altastore/lib/database/adminLibDB.go:35.2,35.24 1 0
altastore/lib/database/adminLibDB.go:39.2,40.16 2 0
altastore/lib/database/adminLibDB.go:44.2,47.64 3 0
altastore/lib/database/adminLibDB.go:77.2,81.24 4 0
altastore/lib/database/adminLibDB.go:85.2,85.24 1 0
altastore/lib/database/adminLibDB.go:31.51,33.3 1 0
altastore/lib/database/adminLibDB.go:35.24,37.3 1 0
altastore/lib/database/adminLibDB.go:40.16,42.3 1 0
altastore/lib/database/adminLibDB.go:47.64,50.30 2 0
altastore/lib/database/adminLibDB.go:57.3,57.35 1 0
altastore/lib/database/adminLibDB.go:61.3,65.31 4 0
altastore/lib/database/adminLibDB.go:69.3,69.36 1 0
altastore/lib/database/adminLibDB.go:73.3,73.13 1 0
altastore/lib/database/adminLibDB.go:50.30,51.65 1 0
altastore/lib/database/adminLibDB.go:54.4,54.27 1 0
altastore/lib/database/adminLibDB.go:51.65,53.5 1 0
altastore/lib/database/adminLibDB.go:57.35,59.4 1 0
altastore/lib/database/adminLibDB.go:65.31,67.4 1 0
altastore/lib/database/adminLibDB.go:69.36,71.4 1 0
altastore/lib/database/adminLibDB.go:81.24,83.3 1 0
altastore/controllers/checkout/checkoutController.go:13.58,17.16 3 0
altastore/controllers/checkout/checkoutController.go:24.2,28.81 1 0
altastore/controllers/checkout/checkoutController.go:17.16,22.3 1 0
altastore/controllers/checkout/checkoutController.go:31.58,37.16 5 0
altastore/controllers/checkout/checkoutController.go:44.2,48.81 1 0
altastore/controllers/checkout/checkoutController.go:37.16,42.3 1 0
altastore/routes/adminRoutes.go:8.28,22.2 5 0
altastore/routes/paymentRoutes.go:8.30,16.2 4 0
altastore/config/config.go:18.15,20.17 2 0
altastore/config/config.go:24.2,34.17 4 0
altastore/config/config.go:38.2,45.33 8 0
altastore/config/config.go:20.17,22.3 1 0
altastore/config/config.go:34.17,35.14 1 0
altastore/config/config.go:49.19,52.54 1 1
altastore/config/config.go:56.2,65.16 4 1
altastore/config/config.go:68.2,68.19 1 1
altastore/config/config.go:52.54,54.3 1 0
altastore/config/config.go:65.16,66.13 1 0
altastore/config/config.go:71.24,77.2 2 1
altastore/main.go:8.13,14.2 3 0
altastore/controllers/user/userController.go:14.47,19.16 3 0
altastore/controllers/user/userController.go:26.2,30.82 1 0
altastore/controllers/user/userController.go:19.16,24.3 1 0
altastore/controllers/user/userController.go:33.50,38.16 3 0
altastore/controllers/user/userController.go:45.2,49.83 1 0
altastore/controllers/user/userController.go:38.16,43.3 1 0
altastore/controllers/user/userController.go:52.46,58.16 4 0
altastore/controllers/user/userController.go:65.2,69.69 1 0
altastore/controllers/user/userController.go:58.16,63.3 1 0
altastore/controllers/user/userController.go:73.47,81.16 5 0
altastore/controllers/user/userController.go:88.2,92.77 1 0
altastore/controllers/user/userController.go:81.16,86.3 1 0
altastore/controllers/user/userController.go:95.49,100.16 3 0
altastore/controllers/user/userController.go:107.2,110.58 1 0
altastore/controllers/user/userController.go:100.16,105.3 1 0
altastore/controllers/user/userController.go:113.48,119.16 4 0
altastore/controllers/user/userController.go:126.2,130.68 1 0
altastore/controllers/user/userController.go:119.16,124.3 1 0
altastore/middlewares/protect.go:14.63,15.36 1 0
altastore/middlewares/protect.go:15.36,18.47 2 0
altastore/middlewares/protect.go:25.3,27.25 2 0
altastore/middlewares/protect.go:34.3,36.28 2 0
altastore/middlewares/protect.go:43.3,48.13 3 0
altastore/middlewares/protect.go:55.3,57.17 2 0
altastore/middlewares/protect.go:18.47,23.4 1 0
altastore/middlewares/protect.go:27.25,32.4 1 0
altastore/middlewares/protect.go:36.28,41.4 1 0
altastore/middlewares/protect.go:48.13,53.4 1 0
altastore/middlewares/protect.go:61.54,62.36 1 0
altastore/middlewares/protect.go:62.36,65.25 3 0
altastore/middlewares/protect.go:71.3,71.17 1 0
altastore/middlewares/protect.go:65.25,70.4 1 0
altastore/middlewares/protect.go:75.64,77.83 1 0
altastore/middlewares/protect.go:84.2,84.67 1 0
altastore/middlewares/protect.go:88.2,88.23 1 0
altastore/middlewares/protect.go:77.83,78.58 1 0
altastore/middlewares/protect.go:81.3,81.50 1 0
altastore/middlewares/protect.go:78.58,80.4 1 0
altastore/middlewares/protect.go:84.67,86.3 1 0
altastore/controllers/cart/cartController.go:13.54,17.16 3 1
altastore/controllers/cart/cartController.go:24.2,28.85 1 1
altastore/controllers/cart/cartController.go:17.16,22.3 1 1
altastore/controllers/cart/cartController.go:35.57,43.16 5 1
altastore/controllers/cart/cartController.go:50.2,53.52 1 1
altastore/controllers/cart/cartController.go:43.16,48.3 1 1
altastore/controllers/cart/cartController.go:56.57,64.16 5 1
altastore/controllers/cart/cartController.go:71.2,71.23 1 1
altastore/controllers/cart/cartController.go:78.2,81.52 1 1
altastore/controllers/cart/cartController.go:64.16,69.3 1 1
altastore/controllers/cart/cartController.go:71.23,76.3 1 0
altastore/lib/database/loginLibDB.go:11.51,15.27 3 1
altastore/lib/database/loginLibDB.go:19.2,19.22 1 1
altastore/lib/database/loginLibDB.go:23.2,23.78 1 1
altastore/lib/database/loginLibDB.go:30.2,32.16 2 1
altastore/lib/database/loginLibDB.go:36.2,36.19 1 1
altastore/lib/database/loginLibDB.go:15.27,17.3 1 1
altastore/lib/database/loginLibDB.go:19.22,21.3 1 0
altastore/lib/database/loginLibDB.go:23.78,24.91 1 1
altastore/lib/database/loginLibDB.go:27.3,27.17 1 0
altastore/lib/database/loginLibDB.go:24.91,26.4 1 1
altastore/lib/database/loginLibDB.go:32.16,34.3 1 0
altastore/controllers/payment/paymentController.go:13.57,17.16 3 0
altastore/controllers/payment/paymentController.go:24.2,27.46 1 0
altastore/controllers/payment/paymentController.go:17.16,22.3 1 0
altastore/controllers/payment/paymentController.go:30.56,36.16 5 0
altastore/controllers/payment/paymentController.go:50.2,53.43 1 0
altastore/controllers/payment/paymentController.go:36.16,41.3 1 0
altastore/routes/rootMiddleware.go:7.31,14.2 2 0
altastore/lib/database/userLibDB.go:12.59,13.21 1 1
altastore/lib/database/userLibDB.go:16.2,20.22 3 1
altastore/lib/database/userLibDB.go:26.2,26.19 1 1
altastore/lib/database/userLibDB.go:13.21,15.3 1 1
altastore/lib/database/userLibDB.go:20.22,21.57 1 1
altastore/lib/database/userLibDB.go:24.3,24.24 1 0
altastore/lib/database/userLibDB.go:21.57,23.4 1 1
altastore/lib/database/userLibDB.go:30.57,35.22 3 1
altastore/lib/database/userLibDB.go:39.2,39.27 1 1
altastore/lib/database/userLibDB.go:43.2,43.18 1 1
altastore/lib/database/userLibDB.go:35.22,37.3 1 0
altastore/lib/database/userLibDB.go:39.27,41.3 1 1
altastore/lib/database/userLibDB.go:46.60,47.51 1 1
altastore/lib/database/userLibDB.go:51.2,51.24 1 1
altastore/lib/database/userLibDB.go:55.2,56.16 2 1
altastore/lib/database/userLibDB.go:59.2,62.22 3 1
altastore/lib/database/userLibDB.go:65.2,70.24 5 1
altastore/lib/database/userLibDB.go:47.51,49.3 1 1
altastore/lib/database/userLibDB.go:51.24,53.3 1 1
altastore/lib/database/userLibDB.go:56.16,58.3 1 0
altastore/lib/database/userLibDB.go:62.22,64.3 1 1
altastore/lib/database/userLibDB.go:73.74,78.22 3 1
altastore/lib/database/userLibDB.go:82.2,82.27 1 1
altastore/lib/database/userLibDB.go:86.2,91.25 5 1
altastore/lib/database/userLibDB.go:78.22,80.3 1 0
altastore/lib/database/userLibDB.go:82.27,84.3 1 1
altastore/lib/database/userLibDB.go:94.39,98.22 3 1
altastore/lib/database/userLibDB.go:102.2,102.27 1 1
altastore/lib/database/userLibDB.go:106.2,112.22 4 1
altastore/lib/database/userLibDB.go:116.2,116.27 1 1
altastore/lib/database/userLibDB.go:120.2,120.12 1 1
altastore/lib/database/userLibDB.go:98.22,100.3 1 0
altastore/lib/database/userLibDB.go:102.27,104.3 1 1
altastore/lib/database/userLibDB.go:112.22,114.3 1 0
altastore/lib/database/userLibDB.go:116.27,118.3 1 0
altastore/controllers/product/productController.go:12.50,17.16 3 0
altastore/controllers/product/productController.go:24.2,28.95 1 0
altastore/controllers/product/productController.go:17.16,22.3 1 0
altastore/routes/cartRoutes.go:8.27,18.2 5 0
altastore/routes/loginRoutes.go:7.28,11.2 1 0
altastore/routes/paymentRoutes.go:8.30,16.2 4 0
altastore/routes/productRoutes.go:7.30,9.2 1 0
altastore/controllers/admin/adminController.go:14.55,19.16 3 0
altastore/controllers/admin/adminController.go:26.2,29.41 1 0
altastore/controllers/admin/adminController.go:19.16,24.3 1 0
altastore/controllers/admin/adminController.go:33.47,40.16 5 0
altastore/controllers/admin/adminController.go:47.2,51.70 1 0
altastore/controllers/admin/adminController.go:40.16,45.3 1 0
altastore/controllers/checkout/checkoutController.go:13.58,17.16 3 0
altastore/controllers/checkout/checkoutController.go:24.2,28.81 1 0
altastore/controllers/checkout/checkoutController.go:17.16,22.3 1 0
altastore/controllers/checkout/checkoutController.go:31.58,37.16 5 0
altastore/controllers/checkout/checkoutController.go:44.2,48.81 1 0
altastore/controllers/checkout/checkoutController.go:37.16,42.3 1 0
altastore/routes/mainRoutes.go:9.23,29.2 10 0
altastore/lib/database/cartLibDB.go:13.60,18.22 3 0
altastore/lib/database/cartLibDB.go:22.2,22.27 1 0
altastore/lib/database/cartLibDB.go:26.2,26.18 1 0
altastore/lib/database/cartLibDB.go:18.22,20.3 1 0
altastore/lib/database/cartLibDB.go:22.27,24.3 1 0
altastore/lib/database/cartLibDB.go:30.68,31.55 1 0
altastore/lib/database/cartLibDB.go:55.2,55.16 1 0
altastore/lib/database/cartLibDB.go:58.2,58.12 1 0
altastore/lib/database/cartLibDB.go:31.55,32.37 1 0
altastore/lib/database/cartLibDB.go:52.3,52.13 1 0
altastore/lib/database/cartLibDB.go:32.37,34.57 1 0
altastore/lib/database/cartLibDB.go:38.4,43.24 3 0
altastore/lib/database/cartLibDB.go:34.57,35.13 1 0
altastore/lib/database/cartLibDB.go:43.24,45.59 1 0
altastore/lib/database/cartLibDB.go:49.5,49.21 1 0
altastore/lib/database/cartLibDB.go:45.59,47.6 1 0
altastore/lib/database/cartLibDB.go:55.16,57.3 1 0
altastore/lib/database/cartLibDB.go:61.65,62.23 1 0
altastore/lib/database/cartLibDB.go:66.2,69.55 3 0
altastore/lib/database/cartLibDB.go:86.2,86.16 1 0
altastore/lib/database/cartLibDB.go:89.2,89.25 1 0
altastore/lib/database/cartLibDB.go:62.23,64.3 1 0
altastore/lib/database/cartLibDB.go:69.55,70.34 1 0
altastore/lib/database/cartLibDB.go:83.3,83.13 1 0
altastore/lib/database/cartLibDB.go:70.34,73.30 2 0
altastore/lib/database/cartLibDB.go:77.4,77.35 1 0
altastore/lib/database/cartLibDB.go:81.4,81.17 1 0
altastore/lib/database/cartLibDB.go:73.30,75.5 1 0
altastore/lib/database/cartLibDB.go:77.35,79.5 1 0
altastore/lib/database/cartLibDB.go:86.16,88.3 1 0
altastore/controllers/cart/cartController.go:13.54,17.16 3 0
altastore/controllers/cart/cartController.go:24.2,28.85 1 0
altastore/controllers/cart/cartController.go:17.16,22.3 1 0
altastore/controllers/cart/cartController.go:35.57,43.16 5 0
altastore/controllers/cart/cartController.go:50.2,53.52 1 0
altastore/controllers/cart/cartController.go:43.16,48.3 1 0
altastore/controllers/cart/cartController.go:56.57,64.16 5 0
altastore/controllers/cart/cartController.go:71.2,71.23 1 0
altastore/controllers/cart/cartController.go:78.2,81.52 1 0
altastore/controllers/cart/cartController.go:64.16,69.3 1 0
altastore/controllers/cart/cartController.go:71.23,76.3 1 0
altastore/routes/checkoutRoutes.go:8.31,16.2 4 0
altastore/routes/adminRoutes.go:8.28,22.2 5 0
altastore/controllers/user/userController.go:14.47,19.16 3 1
altastore/controllers/user/userController.go:26.2,30.82 1 1
altastore/controllers/user/userController.go:19.16,24.3 1 1
altastore/controllers/user/userController.go:33.50,38.16 3 1
altastore/controllers/user/userController.go:45.2,49.83 1 1
altastore/controllers/user/userController.go:38.16,43.3 1 1
altastore/controllers/user/userController.go:52.46,58.16 4 1
altastore/controllers/user/userController.go:65.2,69.69 1 1
altastore/controllers/user/userController.go:58.16,63.3 1 1
altastore/controllers/user/userController.go:73.47,81.16 5 1
altastore/controllers/user/userController.go:88.2,92.77 1 1
altastore/controllers/user/userController.go:81.16,86.3 1 1
altastore/controllers/user/userController.go:95.49,100.16 3 1
altastore/controllers/user/userController.go:107.2,110.58 1 1
altastore/controllers/user/userController.go:100.16,105.3 1 1
altastore/controllers/user/userController.go:113.48,119.16 4 1
altastore/controllers/user/userController.go:126.2,130.68 1 1
altastore/controllers/user/userController.go:119.16,124.3 1 1
altastore/util/jwt/createJWT.go:9.42,15.2 5 1
altastore/lib/database/adminLibDB.go:14.61,19.22 3 0
altastore/lib/database/adminLibDB.go:23.2,23.27 1 0
altastore/lib/database/adminLibDB.go:27.2,27.18 1 0
altastore/lib/database/adminLibDB.go:19.22,21.3 1 0
altastore/lib/database/adminLibDB.go:23.27,25.3 1 0
altastore/lib/database/adminLibDB.go:30.61,31.51 1 0
altastore/lib/database/adminLibDB.go:35.2,35.24 1 0
altastore/lib/database/adminLibDB.go:39.2,40.16 2 0
altastore/lib/database/adminLibDB.go:44.2,47.64 3 0
altastore/lib/database/adminLibDB.go:77.2,81.24 4 0
altastore/lib/database/adminLibDB.go:85.2,85.24 1 0
altastore/lib/database/adminLibDB.go:31.51,33.3 1 0
altastore/lib/database/adminLibDB.go:35.24,37.3 1 0
altastore/lib/database/adminLibDB.go:40.16,42.3 1 0
altastore/lib/database/adminLibDB.go:47.64,50.30 2 0
altastore/lib/database/adminLibDB.go:57.3,57.35 1 0
altastore/lib/database/adminLibDB.go:61.3,65.31 4 0
altastore/lib/database/adminLibDB.go:69.3,69.36 1 0
altastore/lib/database/adminLibDB.go:73.3,73.13 1 0
altastore/lib/database/adminLibDB.go:50.30,51.65 1 0
altastore/lib/database/adminLibDB.go:54.4,54.27 1 0
altastore/lib/database/adminLibDB.go:51.65,53.5 1 0
altastore/lib/database/adminLibDB.go:57.35,59.4 1 0
altastore/lib/database/adminLibDB.go:65.31,67.4 1 0
altastore/lib/database/adminLibDB.go:69.36,71.4 1 0
altastore/lib/database/adminLibDB.go:81.24,83.3 1 0
altastore/lib/database/checkoutLibDB.go:13.65,17.32 3 0
altastore/lib/database/checkoutLibDB.go:21.2,21.37 1 0
altastore/lib/database/checkoutLibDB.go:25.2,27.32 2 0
altastore/lib/database/checkoutLibDB.go:31.2,37.22 6 0
altastore/lib/database/checkoutLibDB.go:17.32,19.3 1 0
altastore/lib/database/checkoutLibDB.go:21.37,23.3 1 0
altastore/lib/database/checkoutLibDB.go:27.32,29.3 1 0
altastore/lib/database/checkoutLibDB.go:40.103,45.30 3 0
altastore/lib/database/checkoutLibDB.go:49.2,49.35 1 0
altastore/lib/database/checkoutLibDB.go:56.2,61.55 4 0
altastore/lib/database/checkoutLibDB.go:137.2,137.16 1 0
altastore/lib/database/checkoutLibDB.go:144.2,144.28 1 0
altastore/lib/database/checkoutLibDB.go:45.30,47.3 1 0
altastore/lib/database/checkoutLibDB.go:49.35,51.3 1 0
altastore/lib/database/checkoutLibDB.go:61.55,67.29 3 0
altastore/lib/database/checkoutLibDB.go:71.3,71.34 1 0
altastore/lib/database/checkoutLibDB.go:75.3,84.39 7 0
altastore/lib/database/checkoutLibDB.go:91.3,91.44 1 0
altastore/lib/database/checkoutLibDB.go:95.3,99.34 4 0
altastore/lib/database/checkoutLibDB.go:119.3,121.38 2 0
altastore/lib/database/checkoutLibDB.go:125.3,125.43 1 0
altastore/lib/database/checkoutLibDB.go:129.3,134.13 5 0
altastore/lib/database/checkoutLibDB.go:67.29,69.4 1 0
altastore/lib/database/checkoutLibDB.go:71.34,73.4 1 0
altastore/lib/database/checkoutLibDB.go:84.39,85.74 1 0
altastore/lib/database/checkoutLibDB.go:88.4,88.36 1 0
altastore/lib/database/checkoutLibDB.go:85.74,87.6 1 0
altastore/lib/database/checkoutLibDB.go:91.44,93.4 1 0
altastore/lib/database/checkoutLibDB.go:99.34,107.46 6 0
altastore/lib/database/checkoutLibDB.go:114.4,114.51 1 0
altastore/lib/database/checkoutLibDB.go:107.46,108.81 1 0
altastore/lib/database/checkoutLibDB.go:111.5,111.43 1 0
altastore/lib/database/checkoutLibDB.go:108.81,110.6 1 0
altastore/lib/database/checkoutLibDB.go:114.51,116.5 1 0
altastore/lib/database/checkoutLibDB.go:121.38,123.4 1 0
altastore/lib/database/checkoutLibDB.go:125.43,127.4 1 0
altastore/lib/database/checkoutLibDB.go:137.16,138.44 1 0
altastore/lib/database/checkoutLibDB.go:141.3,141.29 1 0
altastore/lib/database/checkoutLibDB.go:138.44,140.4 1 0
altastore/lib/database/paymentLibDB.go:12.80,19.42 4 0
altastore/lib/database/paymentLibDB.go:23.2,23.47 1 0
altastore/lib/database/paymentLibDB.go:27.2,27.47 1 0
altastore/lib/database/paymentLibDB.go:37.2,39.38 2 0
altastore/lib/database/paymentLibDB.go:54.2,54.17 1 0
altastore/lib/database/paymentLibDB.go:19.42,21.3 1 0
altastore/lib/database/paymentLibDB.go:23.47,25.3 1 0
altastore/lib/database/paymentLibDB.go:27.47,28.56 1 0
altastore/lib/database/paymentLibDB.go:28.56,32.4 3 0
altastore/lib/database/paymentLibDB.go:32.9,34.4 1 0
altastore/lib/database/paymentLibDB.go:39.38,46.44 6 0
altastore/lib/database/paymentLibDB.go:50.3,50.28 1 0
altastore/lib/database/paymentLibDB.go:46.44,48.4 1 0
altastore/lib/database/paymentLibDB.go:57.102,62.34 3 0
altastore/lib/database/paymentLibDB.go:66.2,66.39 1 0
altastore/lib/database/paymentLibDB.go:70.2,70.54 1 0
altastore/lib/database/paymentLibDB.go:74.2,74.69 1 0
altastore/lib/database/paymentLibDB.go:78.2,80.54 2 0
altastore/lib/database/paymentLibDB.go:84.2,84.29 1 0
altastore/lib/database/paymentLibDB.go:88.2,92.28 3 0
altastore/lib/database/paymentLibDB.go:96.2,96.33 1 0
altastore/lib/database/paymentLibDB.go:100.2,108.21 7 0
altastore/lib/database/paymentLibDB.go:62.34,64.3 1 0
altastore/lib/database/paymentLibDB.go:66.39,68.3 1 0
altastore/lib/database/paymentLibDB.go:70.54,72.3 1 0
altastore/lib/database/paymentLibDB.go:74.69,76.3 1 0
altastore/lib/database/paymentLibDB.go:80.54,82.3 1 0
altastore/lib/database/paymentLibDB.go:84.29,86.3 1 0
altastore/lib/database/paymentLibDB.go:92.28,94.3 1 0
altastore/lib/database/paymentLibDB.go:96.33,98.3 1 0
altastore/controllers/login/loginController.go:12.48,18.16 4 0
altastore/controllers/login/loginController.go:25.2,29.68 1 0
altastore/controllers/login/loginController.go:18.16,23.3 1 0
altastore/middlewares/protect.go:14.63,15.36 1 0
altastore/middlewares/protect.go:15.36,18.47 2 0
altastore/middlewares/protect.go:25.3,27.25 2 0
altastore/middlewares/protect.go:34.3,36.28 2 0
altastore/middlewares/protect.go:43.3,48.13 3 0
altastore/middlewares/protect.go:55.3,57.17 2 0
altastore/middlewares/protect.go:18.47,23.4 1 0
altastore/middlewares/protect.go:27.25,32.4 1 0
altastore/middlewares/protect.go:36.28,41.4 1 0
altastore/middlewares/protect.go:48.13,53.4 1 0
altastore/middlewares/protect.go:61.54,62.36 1 0
altastore/middlewares/protect.go:62.36,65.25 3 0
altastore/middlewares/protect.go:71.3,71.17 1 0
altastore/middlewares/protect.go:65.25,70.4 1 0
altastore/middlewares/protect.go:75.64,77.83 1 0
altastore/middlewares/protect.go:84.2,84.67 1 0
altastore/middlewares/protect.go:88.2,88.23 1 0
altastore/middlewares/protect.go:77.83,78.58 1 0
altastore/middlewares/protect.go:81.3,81.50 1 0
altastore/middlewares/protect.go:78.58,80.4 1 0
altastore/middlewares/protect.go:84.67,86.3 1 0
altastore/routes/userRoutes.go:8.27,24.2 8 0
altastore/config/config.go:18.15,20.17 2 0
altastore/config/config.go:24.2,34.17 4 0
altastore/config/config.go:38.2,45.33 8 0
altastore/config/config.go:20.17,22.3 1 0
altastore/config/config.go:34.17,35.14 1 0
altastore/config/config.go:49.19,52.54 1 1
altastore/config/config.go:56.2,65.16 4 1
altastore/config/config.go:68.2,68.19 1 1
altastore/config/config.go:52.54,54.3 1 0
altastore/config/config.go:65.16,66.13 1 0
altastore/config/config.go:71.24,77.2 2 1
altastore/util/password/hash.go:9.44,13.16 3 1
altastore/util/password/hash.go:17.2,17.28 1 1
altastore/util/password/hash.go:13.16,15.3 1 0
altastore/util/password/hash.go:20.59,23.16 2 1
altastore/util/password/hash.go:27.2,27.18 1 1
altastore/util/password/hash.go:23.16,25.3 1 1
altastore/lib/database/productLibDB.go:9.68,12.24 2 0
altastore/lib/database/productLibDB.go:35.2,35.22 1 0
altastore/lib/database/productLibDB.go:12.24,15.33 2 0
altastore/lib/database/productLibDB.go:19.3,19.38 1 0
altastore/lib/database/productLibDB.go:15.33,17.4 1 0
altastore/lib/database/productLibDB.go:19.38,21.4 1 0
altastore/lib/database/productLibDB.go:22.8,25.33 2 0
altastore/lib/database/productLibDB.go:29.3,29.38 1 0
altastore/lib/database/productLibDB.go:25.33,27.4 1 0
altastore/lib/database/productLibDB.go:29.38,31.4 1 0
altastore/main.go:8.13,14.2 3 0
