mode: set
altastore/lib/database/paymentLibDB.go:12.80,19.42 4 0
altastore/lib/database/paymentLibDB.go:23.2,23.47 1 0
altastore/lib/database/paymentLibDB.go:27.2,27.47 1 0
altastore/lib/database/paymentLibDB.go:37.2,39.38 2 0
altastore/lib/database/paymentLibDB.go:53.2,53.17 1 0
altastore/lib/database/paymentLibDB.go:19.42,21.3 1 0
altastore/lib/database/paymentLibDB.go:23.47,25.3 1 0
altastore/lib/database/paymentLibDB.go:27.47,28.56 1 0
altastore/lib/database/paymentLibDB.go:28.56,32.4 3 0
altastore/lib/database/paymentLibDB.go:32.9,34.4 1 0
altastore/lib/database/paymentLibDB.go:39.38,46.44 6 0
altastore/lib/database/paymentLibDB.go:50.3,50.28 1 0
altastore/lib/database/paymentLibDB.go:46.44,48.4 1 0
altastore/lib/database/paymentLibDB.go:56.102,61.34 3 0
altastore/lib/database/paymentLibDB.go:65.2,65.39 1 0
altastore/lib/database/paymentLibDB.go:69.2,69.54 1 0
altastore/lib/database/paymentLibDB.go:73.2,73.69 1 0
altastore/lib/database/paymentLibDB.go:77.2,79.54 2 0
altastore/lib/database/paymentLibDB.go:83.2,83.29 1 0
altastore/lib/database/paymentLibDB.go:87.2,91.28 3 0
altastore/lib/database/paymentLibDB.go:95.2,95.33 1 0
altastore/lib/database/paymentLibDB.go:99.2,107.21 7 0
altastore/lib/database/paymentLibDB.go:61.34,63.3 1 0
altastore/lib/database/paymentLibDB.go:65.39,67.3 1 0
altastore/lib/database/paymentLibDB.go:69.54,71.3 1 0
altastore/lib/database/paymentLibDB.go:73.69,75.3 1 0
altastore/lib/database/paymentLibDB.go:79.54,81.3 1 0
altastore/lib/database/paymentLibDB.go:83.29,85.3 1 0
altastore/lib/database/paymentLibDB.go:91.28,93.3 1 0
altastore/lib/database/paymentLibDB.go:95.33,97.3 1 0
altastore/controllers/adminController.go:13.55,18.16 3 0
altastore/controllers/adminController.go:25.2,29.84 1 0
altastore/controllers/adminController.go:18.16,23.3 1 0
altastore/controllers/adminController.go:33.47,39.16 4 0
altastore/controllers/adminController.go:46.2,50.70 1 0
altastore/controllers/adminController.go:39.16,44.3 1 0
altastore/util/jwt/createJWT.go:9.42,15.2 5 0
altastore/routes/paymentRoutes.go:8.55,23.2 9 1
altastore/routes/rootMiddleware.go:7.31,14.2 2 0
altastore/lib/database/adminLibDB.go:14.61,19.22 3 0
altastore/lib/database/adminLibDB.go:23.2,23.27 1 0
altastore/lib/database/adminLibDB.go:27.2,27.18 1 0
altastore/lib/database/adminLibDB.go:19.22,21.3 1 0
altastore/lib/database/adminLibDB.go:23.27,25.3 1 0
altastore/lib/database/adminLibDB.go:30.61,31.51 1 0
altastore/lib/database/adminLibDB.go:35.2,35.24 1 0
altastore/lib/database/adminLibDB.go:39.2,40.16 2 0
altastore/lib/database/adminLibDB.go:44.2,47.64 3 0
altastore/lib/database/adminLibDB.go:77.2,81.24 4 0
altastore/lib/database/adminLibDB.go:85.2,85.24 1 0
altastore/lib/database/adminLibDB.go:31.51,33.3 1 0
altastore/lib/database/adminLibDB.go:35.24,37.3 1 0
altastore/lib/database/adminLibDB.go:40.16,42.3 1 0
altastore/lib/database/adminLibDB.go:47.64,50.30 2 0
altastore/lib/database/adminLibDB.go:57.3,57.35 1 0
altastore/lib/database/adminLibDB.go:61.3,65.31 4 0
altastore/lib/database/adminLibDB.go:69.3,69.36 1 0
altastore/lib/database/adminLibDB.go:73.3,73.13 1 0
altastore/lib/database/adminLibDB.go:50.30,51.65 1 0
altastore/lib/database/adminLibDB.go:54.4,54.27 1 0
altastore/lib/database/adminLibDB.go:51.65,53.5 1 0
altastore/lib/database/adminLibDB.go:57.35,59.4 1 0
altastore/lib/database/adminLibDB.go:65.31,67.4 1 0
altastore/lib/database/adminLibDB.go:69.36,71.4 1 0
altastore/lib/database/adminLibDB.go:81.24,83.3 1 0
altastore/controllers/checkoutController.go:13.58,17.16 3 0
altastore/controllers/checkoutController.go:24.2,28.81 1 0
altastore/controllers/checkoutController.go:17.16,22.3 1 0
altastore/controllers/checkoutController.go:31.58,37.16 5 0
altastore/controllers/checkoutController.go:44.2,48.81 1 0
altastore/controllers/checkoutController.go:37.16,42.3 1 0
altastore/controllers/userController.go:14.47,19.16 3 0
altastore/controllers/userController.go:26.2,30.82 1 0
altastore/controllers/userController.go:19.16,24.3 1 0
altastore/controllers/userController.go:33.50,38.16 3 0
altastore/controllers/userController.go:45.2,49.83 1 0
altastore/controllers/userController.go:38.16,43.3 1 0
altastore/controllers/userController.go:52.46,58.16 4 0
altastore/controllers/userController.go:65.2,69.69 1 0
altastore/controllers/userController.go:58.16,63.3 1 0
altastore/controllers/userController.go:73.47,81.16 5 0
altastore/controllers/userController.go:88.2,92.77 1 0
altastore/controllers/userController.go:81.16,86.3 1 0
altastore/controllers/userController.go:95.49,100.16 3 0
altastore/controllers/userController.go:107.2,110.58 1 0
altastore/controllers/userController.go:100.16,105.3 1 0
altastore/routes/adminRoutes.go:8.53,24.2 9 1
altastore/lib/database/loginLibDB.go:12.51,16.27 3 0
altastore/lib/database/loginLibDB.go:20.2,20.22 1 0
altastore/lib/database/loginLibDB.go:24.2,26.78 2 0
altastore/lib/database/loginLibDB.go:33.2,35.16 2 0
altastore/lib/database/loginLibDB.go:39.2,39.19 1 0
altastore/lib/database/loginLibDB.go:16.27,18.3 1 0
altastore/lib/database/loginLibDB.go:20.22,22.3 1 0
altastore/lib/database/loginLibDB.go:26.78,27.91 1 0
altastore/lib/database/loginLibDB.go:30.3,30.17 1 0
altastore/lib/database/loginLibDB.go:27.91,29.4 1 0
altastore/lib/database/loginLibDB.go:35.16,37.3 1 0
altastore/lib/database/userLibDB.go:12.59,13.21 1 0
altastore/lib/database/userLibDB.go:16.2,20.22 3 0
altastore/lib/database/userLibDB.go:26.2,26.19 1 0
altastore/lib/database/userLibDB.go:13.21,15.3 1 0
altastore/lib/database/userLibDB.go:20.22,21.57 1 0
altastore/lib/database/userLibDB.go:24.3,24.24 1 0
altastore/lib/database/userLibDB.go:21.57,23.4 1 0
altastore/lib/database/userLibDB.go:30.57,35.22 3 0
altastore/lib/database/userLibDB.go:39.2,39.27 1 0
altastore/lib/database/userLibDB.go:43.2,43.18 1 0
altastore/lib/database/userLibDB.go:35.22,37.3 1 0
altastore/lib/database/userLibDB.go:39.27,41.3 1 0
altastore/lib/database/userLibDB.go:46.60,47.51 1 0
altastore/lib/database/userLibDB.go:51.2,51.24 1 0
altastore/lib/database/userLibDB.go:55.2,56.16 2 0
altastore/lib/database/userLibDB.go:59.2,62.22 3 0
altastore/lib/database/userLibDB.go:65.2,70.24 5 0
altastore/lib/database/userLibDB.go:47.51,49.3 1 0
altastore/lib/database/userLibDB.go:51.24,53.3 1 0
altastore/lib/database/userLibDB.go:56.16,58.3 1 0
altastore/lib/database/userLibDB.go:62.22,64.3 1 0
altastore/lib/database/userLibDB.go:73.74,78.22 3 0
altastore/lib/database/userLibDB.go:82.2,82.27 1 0
altastore/lib/database/userLibDB.go:86.2,91.25 5 0
altastore/lib/database/userLibDB.go:78.22,80.3 1 0
altastore/lib/database/userLibDB.go:82.27,84.3 1 0
altastore/lib/database/userLibDB.go:94.39,98.22 3 0
altastore/lib/database/userLibDB.go:102.2,102.27 1 0
altastore/lib/database/userLibDB.go:106.2,112.22 4 0
altastore/lib/database/userLibDB.go:116.2,116.27 1 0
altastore/lib/database/userLibDB.go:120.2,120.12 1 0
altastore/lib/database/userLibDB.go:98.22,100.3 1 0
altastore/lib/database/userLibDB.go:102.27,104.3 1 0
altastore/lib/database/userLibDB.go:112.22,114.3 1 0
altastore/lib/database/userLibDB.go:116.27,118.3 1 0
altastore/routes/loginRoutes.go:7.28,11.2 1 0
altastore/util/password/hash.go:9.44,13.16 3 0
altastore/util/password/hash.go:17.2,17.28 1 0
altastore/util/password/hash.go:13.16,15.3 1 0
altastore/util/password/hash.go:20.59,23.16 2 0
altastore/util/password/hash.go:27.2,27.18 1 0
altastore/util/password/hash.go:23.16,25.3 1 0
altastore/middlewares/protect.go:14.63,15.36 1 0
altastore/middlewares/protect.go:15.36,18.47 2 0
altastore/middlewares/protect.go:25.3,27.25 2 0
altastore/middlewares/protect.go:34.3,36.28 2 0
altastore/middlewares/protect.go:43.3,48.13 3 0
altastore/middlewares/protect.go:55.3,57.17 2 0
altastore/middlewares/protect.go:18.47,23.4 1 0
altastore/middlewares/protect.go:27.25,32.4 1 0
altastore/middlewares/protect.go:36.28,41.4 1 0
altastore/middlewares/protect.go:48.13,53.4 1 0
altastore/middlewares/protect.go:61.54,62.36 1 0
altastore/middlewares/protect.go:62.36,65.25 3 0
altastore/middlewares/protect.go:71.3,71.17 1 0
altastore/middlewares/protect.go:65.25,70.4 1 0
altastore/middlewares/protect.go:75.64,77.83 1 0
altastore/middlewares/protect.go:84.2,84.67 1 0
altastore/middlewares/protect.go:88.2,88.23 1 0
altastore/middlewares/protect.go:77.83,78.58 1 0
altastore/middlewares/protect.go:81.3,81.50 1 0
altastore/middlewares/protect.go:78.58,80.4 1 0
altastore/middlewares/protect.go:84.67,86.3 1 0
altastore/main.go:8.13,14.2 3 0
altastore/routes/mainRoutes.go:9.23,29.2 9 0
altastore/routes/mainRoutes.go:31.16,33.2 1 1
altastore/routes/userRoutes.go:10.52,35.2 15 1
altastore/config/config.go:27.15,29.17 2 0
altastore/config/config.go:33.2,43.17 4 0
altastore/config/config.go:47.2,54.33 8 0
altastore/config/config.go:29.17,31.3 1 0
altastore/config/config.go:43.17,44.14 1 0
altastore/config/config.go:58.35,61.51 1 0
altastore/config/config.go:65.2,74.16 4 0
altastore/config/config.go:77.2,77.28 1 0
altastore/config/config.go:61.51,63.3 1 0
altastore/config/config.go:74.16,75.13 1 0
altastore/config/config.go:80.40,81.27 1 0
altastore/config/config.go:84.2,84.27 1 0
altastore/config/config.go:81.27,83.3 1 0
altastore/config/config.go:84.27,86.3 1 0
altastore/lib/database/cartLibDB.go:13.60,18.22 3 0
altastore/lib/database/cartLibDB.go:22.2,22.27 1 0
altastore/lib/database/cartLibDB.go:26.2,26.18 1 0
altastore/lib/database/cartLibDB.go:18.22,20.3 1 0
altastore/lib/database/cartLibDB.go:22.27,24.3 1 0
altastore/lib/database/cartLibDB.go:30.68,31.55 1 0
altastore/lib/database/cartLibDB.go:55.2,55.16 1 0
altastore/lib/database/cartLibDB.go:58.2,58.12 1 0
altastore/lib/database/cartLibDB.go:31.55,32.37 1 0
altastore/lib/database/cartLibDB.go:52.3,52.13 1 0
altastore/lib/database/cartLibDB.go:32.37,34.57 1 0
altastore/lib/database/cartLibDB.go:38.4,43.24 3 0
altastore/lib/database/cartLibDB.go:34.57,35.13 1 0
altastore/lib/database/cartLibDB.go:43.24,45.59 1 0
altastore/lib/database/cartLibDB.go:49.5,49.21 1 0
altastore/lib/database/cartLibDB.go:45.59,47.6 1 0
altastore/lib/database/cartLibDB.go:55.16,57.3 1 0
altastore/lib/database/cartLibDB.go:61.60,62.23 1 0
altastore/lib/database/cartLibDB.go:66.2,68.55 2 0
altastore/lib/database/cartLibDB.go:83.2,83.16 1 0
altastore/lib/database/cartLibDB.go:86.2,86.12 1 0
altastore/lib/database/cartLibDB.go:62.23,64.3 1 0
altastore/lib/database/cartLibDB.go:68.55,69.34 1 0
altastore/lib/database/cartLibDB.go:80.3,80.13 1 0
altastore/lib/database/cartLibDB.go:69.34,72.30 2 0
altastore/lib/database/cartLibDB.go:76.4,76.35 1 0
altastore/lib/database/cartLibDB.go:72.30,74.5 1 0
altastore/lib/database/cartLibDB.go:76.35,78.5 1 0
altastore/lib/database/cartLibDB.go:83.16,85.3 1 0
altastore/lib/database/checkoutLibDB.go:13.65,17.32 3 0
altastore/lib/database/checkoutLibDB.go:21.2,21.37 1 0
altastore/lib/database/checkoutLibDB.go:25.2,27.32 2 0
altastore/lib/database/checkoutLibDB.go:31.2,37.22 6 0
altastore/lib/database/checkoutLibDB.go:17.32,19.3 1 0
altastore/lib/database/checkoutLibDB.go:21.37,23.3 1 0
altastore/lib/database/checkoutLibDB.go:27.32,29.3 1 0
altastore/lib/database/checkoutLibDB.go:40.103,45.30 3 0
altastore/lib/database/checkoutLibDB.go:49.2,49.35 1 0
altastore/lib/database/checkoutLibDB.go:56.2,61.55 4 0
altastore/lib/database/checkoutLibDB.go:121.2,121.16 1 0
altastore/lib/database/checkoutLibDB.go:125.2,125.28 1 0
altastore/lib/database/checkoutLibDB.go:45.30,47.3 1 0
altastore/lib/database/checkoutLibDB.go:49.35,51.3 1 0
altastore/lib/database/checkoutLibDB.go:61.55,67.29 3 0
altastore/lib/database/checkoutLibDB.go:71.3,71.34 1 0
altastore/lib/database/checkoutLibDB.go:75.3,84.39 7 0
altastore/lib/database/checkoutLibDB.go:91.3,95.34 4 0
altastore/lib/database/checkoutLibDB.go:111.3,118.13 6 0
altastore/lib/database/checkoutLibDB.go:67.29,69.4 1 0
altastore/lib/database/checkoutLibDB.go:71.34,73.4 1 0
altastore/lib/database/checkoutLibDB.go:84.39,85.74 1 0
altastore/lib/database/checkoutLibDB.go:88.4,88.36 1 0
altastore/lib/database/checkoutLibDB.go:85.74,87.5 1 0
altastore/lib/database/checkoutLibDB.go:95.34,103.46 6 0
altastore/lib/database/checkoutLibDB.go:103.46,104.81 1 0
altastore/lib/database/checkoutLibDB.go:107.5,107.43 1 0
altastore/lib/database/checkoutLibDB.go:104.81,106.6 1 0
altastore/lib/database/checkoutLibDB.go:121.16,123.3 1 0
altastore/routes/checkoutRoutes.go:8.55,24.2 10 1
altastore/routes/productRoutes.go:7.55,14.2 4 1
altastore/lib/database/productLibDB.go:9.68,12.24 2 0
altastore/lib/database/productLibDB.go:35.2,35.22 1 0
altastore/lib/database/productLibDB.go:12.24,15.33 2 0
altastore/lib/database/productLibDB.go:19.3,19.38 1 0
altastore/lib/database/productLibDB.go:15.33,17.4 1 0
altastore/lib/database/productLibDB.go:19.38,21.4 1 0
altastore/lib/database/productLibDB.go:22.8,25.33 2 0
altastore/lib/database/productLibDB.go:29.3,29.38 1 0
altastore/lib/database/productLibDB.go:25.33,27.4 1 0
altastore/lib/database/productLibDB.go:29.38,31.4 1 0
altastore/controllers/loginController.go:12.48,18.16 4 0
altastore/controllers/loginController.go:25.2,29.68 1 0
altastore/controllers/loginController.go:18.16,23.3 1 0
altastore/controllers/paymentController.go:13.57,17.16 3 0
altastore/controllers/paymentController.go:24.2,28.101 1 0
altastore/controllers/paymentController.go:17.16,22.3 1 0
altastore/controllers/paymentController.go:31.56,37.16 5 0
altastore/controllers/paymentController.go:44.2,48.78 1 0
altastore/controllers/paymentController.go:37.16,42.3 1 0
altastore/controllers/cartController.go:13.54,17.16 3 0
altastore/controllers/cartController.go:24.2,28.85 1 0
altastore/controllers/cartController.go:17.16,22.3 1 0
altastore/controllers/cartController.go:35.57,43.16 5 0
altastore/controllers/cartController.go:50.2,53.52 1 0
altastore/controllers/cartController.go:43.16,48.3 1 0
altastore/controllers/cartController.go:56.57,64.16 5 0
altastore/controllers/cartController.go:71.2,74.52 1 0
altastore/controllers/cartController.go:64.16,69.3 1 0
altastore/controllers/productController.go:12.50,17.16 3 0
altastore/controllers/productController.go:24.2,28.95 1 0
altastore/controllers/productController.go:17.16,22.3 1 0
altastore/routes/cartRoutes.go:8.52,25.2 10 1
altastore/config/config.go:27.15,29.17 2 0
altastore/config/config.go:33.2,43.17 4 0
altastore/config/config.go:47.2,54.33 8 0
altastore/config/config.go:29.17,31.3 1 0
altastore/config/config.go:43.17,44.14 1 0
altastore/config/config.go:58.35,61.51 1 1
altastore/config/config.go:65.2,74.16 4 1
altastore/config/config.go:77.2,77.28 1 1
altastore/config/config.go:61.51,63.3 1 0
altastore/config/config.go:74.16,75.13 1 0
altastore/config/config.go:80.40,81.27 1 1
altastore/config/config.go:84.2,84.27 1 1
altastore/config/config.go:81.27,83.3 1 1
altastore/config/config.go:84.27,86.3 1 1
altastore/controllers/checkoutController.go:13.58,17.16 3 1
altastore/controllers/checkoutController.go:24.2,28.81 1 1
altastore/controllers/checkoutController.go:17.16,22.3 1 1
altastore/controllers/checkoutController.go:31.58,37.16 5 1
altastore/controllers/checkoutController.go:44.2,48.81 1 1
altastore/controllers/checkoutController.go:37.16,42.3 1 1
altastore/controllers/paymentController.go:13.57,17.16 3 1
altastore/controllers/paymentController.go:24.2,28.101 1 1
altastore/controllers/paymentController.go:17.16,22.3 1 1
altastore/controllers/paymentController.go:31.56,37.16 5 1
altastore/controllers/paymentController.go:44.2,48.78 1 1
altastore/controllers/paymentController.go:37.16,42.3 1 1
altastore/routes/cartRoutes.go:8.52,25.2 10 0
altastore/routes/loginRoutes.go:7.28,11.2 1 0
altastore/controllers/adminController.go:13.55,18.16 3 1
altastore/controllers/adminController.go:25.2,29.84 1 1
altastore/controllers/adminController.go:18.16,23.3 1 1
altastore/controllers/adminController.go:33.47,39.16 4 1
altastore/controllers/adminController.go:46.2,50.70 1 1
altastore/controllers/adminController.go:39.16,44.3 1 1
altastore/lib/database/paymentLibDB.go:12.80,19.42 4 1
altastore/lib/database/paymentLibDB.go:23.2,23.47 1 1
altastore/lib/database/paymentLibDB.go:27.2,27.47 1 1
altastore/lib/database/paymentLibDB.go:37.2,39.38 2 1
altastore/lib/database/paymentLibDB.go:53.2,53.17 1 1
altastore/lib/database/paymentLibDB.go:19.42,21.3 1 0
altastore/lib/database/paymentLibDB.go:23.47,25.3 1 1
altastore/lib/database/paymentLibDB.go:27.47,28.56 1 1
altastore/lib/database/paymentLibDB.go:28.56,32.4 3 1
altastore/lib/database/paymentLibDB.go:32.9,34.4 1 1
altastore/lib/database/paymentLibDB.go:39.38,46.44 6 1
altastore/lib/database/paymentLibDB.go:50.3,50.28 1 1
altastore/lib/database/paymentLibDB.go:46.44,48.4 1 1
altastore/lib/database/paymentLibDB.go:56.102,61.34 3 1
altastore/lib/database/paymentLibDB.go:65.2,65.39 1 1
altastore/lib/database/paymentLibDB.go:69.2,69.54 1 1
altastore/lib/database/paymentLibDB.go:73.2,73.69 1 1
altastore/lib/database/paymentLibDB.go:77.2,79.54 2 1
altastore/lib/database/paymentLibDB.go:83.2,83.29 1 1
altastore/lib/database/paymentLibDB.go:87.2,91.28 3 1
altastore/lib/database/paymentLibDB.go:95.2,95.33 1 1
altastore/lib/database/paymentLibDB.go:99.2,107.21 7 1
altastore/lib/database/paymentLibDB.go:61.34,63.3 1 0
altastore/lib/database/paymentLibDB.go:65.39,67.3 1 1
altastore/lib/database/paymentLibDB.go:69.54,71.3 1 0
altastore/lib/database/paymentLibDB.go:73.69,75.3 1 1
altastore/lib/database/paymentLibDB.go:79.54,81.3 1 1
altastore/lib/database/paymentLibDB.go:83.29,85.3 1 1
altastore/lib/database/paymentLibDB.go:91.28,93.3 1 0
altastore/lib/database/paymentLibDB.go:95.33,97.3 1 0
altastore/controllers/productController.go:12.50,17.16 3 1
altastore/controllers/productController.go:24.2,28.95 1 1
altastore/controllers/productController.go:17.16,22.3 1 1
altastore/util/jwt/createJWT.go:9.42,15.2 5 1
altastore/lib/database/cartLibDB.go:13.60,18.22 3 1
altastore/lib/database/cartLibDB.go:22.2,22.27 1 1
altastore/lib/database/cartLibDB.go:26.2,26.18 1 1
altastore/lib/database/cartLibDB.go:18.22,20.3 1 0
altastore/lib/database/cartLibDB.go:22.27,24.3 1 1
altastore/lib/database/cartLibDB.go:30.68,31.55 1 1
altastore/lib/database/cartLibDB.go:55.2,55.16 1 1
altastore/lib/database/cartLibDB.go:58.2,58.12 1 1
altastore/lib/database/cartLibDB.go:31.55,32.37 1 1
altastore/lib/database/cartLibDB.go:52.3,52.13 1 1
altastore/lib/database/cartLibDB.go:32.37,34.57 1 1
altastore/lib/database/cartLibDB.go:38.4,43.24 3 1
altastore/lib/database/cartLibDB.go:34.57,35.13 1 0
altastore/lib/database/cartLibDB.go:43.24,45.59 1 1
altastore/lib/database/cartLibDB.go:49.5,49.21 1 0
altastore/lib/database/cartLibDB.go:45.59,47.6 1 1
altastore/lib/database/cartLibDB.go:55.16,57.3 1 1
altastore/lib/database/cartLibDB.go:61.60,62.23 1 1
altastore/lib/database/cartLibDB.go:66.2,68.55 2 1
altastore/lib/database/cartLibDB.go:83.2,83.16 1 1
altastore/lib/database/cartLibDB.go:86.2,86.12 1 1
altastore/lib/database/cartLibDB.go:62.23,64.3 1 1
altastore/lib/database/cartLibDB.go:68.55,69.34 1 1
altastore/lib/database/cartLibDB.go:80.3,80.13 1 1
altastore/lib/database/cartLibDB.go:69.34,72.30 2 1
altastore/lib/database/cartLibDB.go:76.4,76.35 1 1
altastore/lib/database/cartLibDB.go:72.30,74.5 1 0
altastore/lib/database/cartLibDB.go:76.35,78.5 1 1
altastore/lib/database/cartLibDB.go:83.16,85.3 1 1
altastore/routes/rootMiddleware.go:7.31,14.2 2 0
altastore/main.go:8.13,14.2 3 0
altastore/controllers/cartController.go:13.54,17.16 3 1
altastore/controllers/cartController.go:24.2,28.85 1 1
altastore/controllers/cartController.go:17.16,22.3 1 1
altastore/controllers/cartController.go:35.57,43.16 5 1
altastore/controllers/cartController.go:50.2,53.52 1 1
altastore/controllers/cartController.go:43.16,48.3 1 1
altastore/controllers/cartController.go:56.57,64.16 5 1
altastore/controllers/cartController.go:71.2,74.52 1 1
altastore/controllers/cartController.go:64.16,69.3 1 1
altastore/controllers/userController.go:14.47,19.16 3 1
altastore/controllers/userController.go:26.2,30.82 1 1
altastore/controllers/userController.go:19.16,24.3 1 1
altastore/controllers/userController.go:33.50,38.16 3 1
altastore/controllers/userController.go:45.2,49.83 1 1
altastore/controllers/userController.go:38.16,43.3 1 1
altastore/controllers/userController.go:52.46,58.16 4 1
altastore/controllers/userController.go:65.2,69.69 1 1
altastore/controllers/userController.go:58.16,63.3 1 1
altastore/controllers/userController.go:73.47,81.16 5 1
altastore/controllers/userController.go:88.2,92.77 1 1
altastore/controllers/userController.go:81.16,86.3 1 1
altastore/controllers/userController.go:95.49,100.16 3 1
altastore/controllers/userController.go:107.2,110.58 1 1
altastore/controllers/userController.go:100.16,105.3 1 1
altastore/lib/database/productLibDB.go:9.68,12.24 2 1
altastore/lib/database/productLibDB.go:35.2,35.22 1 1
altastore/lib/database/productLibDB.go:12.24,15.33 2 1
altastore/lib/database/productLibDB.go:19.3,19.38 1 1
altastore/lib/database/productLibDB.go:15.33,17.4 1 0
altastore/lib/database/productLibDB.go:19.38,21.4 1 0
altastore/lib/database/productLibDB.go:22.8,25.33 2 1
altastore/lib/database/productLibDB.go:29.3,29.38 1 1
altastore/lib/database/productLibDB.go:25.33,27.4 1 0
altastore/lib/database/productLibDB.go:29.38,31.4 1 1
altastore/lib/database/userLibDB.go:12.59,13.21 1 1
altastore/lib/database/userLibDB.go:16.2,20.22 3 1
altastore/lib/database/userLibDB.go:26.2,26.19 1 1
altastore/lib/database/userLibDB.go:13.21,15.3 1 1
altastore/lib/database/userLibDB.go:20.22,21.57 1 1
altastore/lib/database/userLibDB.go:24.3,24.24 1 0
altastore/lib/database/userLibDB.go:21.57,23.4 1 1
altastore/lib/database/userLibDB.go:30.57,35.22 3 1
altastore/lib/database/userLibDB.go:39.2,39.27 1 1
altastore/lib/database/userLibDB.go:43.2,43.18 1 1
altastore/lib/database/userLibDB.go:35.22,37.3 1 0
altastore/lib/database/userLibDB.go:39.27,41.3 1 1
altastore/lib/database/userLibDB.go:46.60,47.51 1 1
altastore/lib/database/userLibDB.go:51.2,51.24 1 1
altastore/lib/database/userLibDB.go:55.2,56.16 2 1
altastore/lib/database/userLibDB.go:59.2,62.22 3 1
altastore/lib/database/userLibDB.go:65.2,70.24 5 1
altastore/lib/database/userLibDB.go:47.51,49.3 1 1
altastore/lib/database/userLibDB.go:51.24,53.3 1 1
altastore/lib/database/userLibDB.go:56.16,58.3 1 0
altastore/lib/database/userLibDB.go:62.22,64.3 1 1
altastore/lib/database/userLibDB.go:73.74,78.22 3 1
altastore/lib/database/userLibDB.go:82.2,82.27 1 1
altastore/lib/database/userLibDB.go:86.2,91.25 5 1
altastore/lib/database/userLibDB.go:78.22,80.3 1 0
altastore/lib/database/userLibDB.go:82.27,84.3 1 1
altastore/lib/database/userLibDB.go:94.39,98.22 3 1
altastore/lib/database/userLibDB.go:102.2,102.27 1 1
altastore/lib/database/userLibDB.go:106.2,112.22 4 1
altastore/lib/database/userLibDB.go:116.2,116.27 1 1
altastore/lib/database/userLibDB.go:120.2,120.12 1 1
altastore/lib/database/userLibDB.go:98.22,100.3 1 0
altastore/lib/database/userLibDB.go:102.27,104.3 1 1
altastore/lib/database/userLibDB.go:112.22,114.3 1 0
altastore/lib/database/userLibDB.go:116.27,118.3 1 0
altastore/routes/productRoutes.go:7.55,14.2 4 0
altastore/middlewares/protect.go:14.63,15.36 1 0
altastore/middlewares/protect.go:15.36,18.47 2 0
altastore/middlewares/protect.go:25.3,27.25 2 0
altastore/middlewares/protect.go:34.3,36.28 2 0
altastore/middlewares/protect.go:43.3,48.13 3 0
altastore/middlewares/protect.go:55.3,57.17 2 0
altastore/middlewares/protect.go:18.47,23.4 1 0
altastore/middlewares/protect.go:27.25,32.4 1 0
altastore/middlewares/protect.go:36.28,41.4 1 0
altastore/middlewares/protect.go:48.13,53.4 1 0
altastore/middlewares/protect.go:61.54,62.36 1 0
altastore/middlewares/protect.go:62.36,65.25 3 0
altastore/middlewares/protect.go:71.3,71.17 1 0
altastore/middlewares/protect.go:65.25,70.4 1 0
altastore/middlewares/protect.go:75.64,77.83 1 0
altastore/middlewares/protect.go:84.2,84.67 1 0
altastore/middlewares/protect.go:88.2,88.23 1 0
altastore/middlewares/protect.go:77.83,78.58 1 0
altastore/middlewares/protect.go:81.3,81.50 1 0
altastore/middlewares/protect.go:78.58,80.4 1 0
altastore/middlewares/protect.go:84.67,86.3 1 0
altastore/util/password/hash.go:9.44,13.16 3 1
altastore/util/password/hash.go:17.2,17.28 1 1
altastore/util/password/hash.go:13.16,15.3 1 0
altastore/util/password/hash.go:20.59,23.16 2 1
altastore/util/password/hash.go:27.2,27.18 1 1
altastore/util/password/hash.go:23.16,25.3 1 1
altastore/lib/database/loginLibDB.go:12.51,16.27 3 1
altastore/lib/database/loginLibDB.go:20.2,20.22 1 1
altastore/lib/database/loginLibDB.go:24.2,26.78 2 1
altastore/lib/database/loginLibDB.go:33.2,35.16 2 1
altastore/lib/database/loginLibDB.go:39.2,39.19 1 1
altastore/lib/database/loginLibDB.go:16.27,18.3 1 1
altastore/lib/database/loginLibDB.go:20.22,22.3 1 0
altastore/lib/database/loginLibDB.go:26.78,27.91 1 1
altastore/lib/database/loginLibDB.go:30.3,30.17 1 0
altastore/lib/database/loginLibDB.go:27.91,29.4 1 1
altastore/lib/database/loginLibDB.go:35.16,37.3 1 0
altastore/routes/paymentRoutes.go:8.55,23.2 9 0
altastore/controllers/loginController.go:12.48,18.16 4 1
altastore/controllers/loginController.go:25.2,29.68 1 1
altastore/controllers/loginController.go:18.16,23.3 1 1
altastore/lib/database/adminLibDB.go:14.61,19.22 3 1
altastore/lib/database/adminLibDB.go:23.2,23.27 1 1
altastore/lib/database/adminLibDB.go:27.2,27.18 1 1
altastore/lib/database/adminLibDB.go:19.22,21.3 1 0
altastore/lib/database/adminLibDB.go:23.27,25.3 1 1
altastore/lib/database/adminLibDB.go:30.61,31.51 1 1
altastore/lib/database/adminLibDB.go:35.2,35.24 1 1
altastore/lib/database/adminLibDB.go:39.2,40.16 2 1
altastore/lib/database/adminLibDB.go:44.2,47.64 3 1
altastore/lib/database/adminLibDB.go:77.2,81.24 4 1
altastore/lib/database/adminLibDB.go:85.2,85.24 1 1
altastore/lib/database/adminLibDB.go:31.51,33.3 1 1
altastore/lib/database/adminLibDB.go:35.24,37.3 1 0
altastore/lib/database/adminLibDB.go:40.16,42.3 1 0
altastore/lib/database/adminLibDB.go:47.64,50.30 2 1
altastore/lib/database/adminLibDB.go:57.3,57.35 1 1
altastore/lib/database/adminLibDB.go:61.3,65.31 4 1
altastore/lib/database/adminLibDB.go:69.3,69.36 1 1
altastore/lib/database/adminLibDB.go:73.3,73.13 1 1
altastore/lib/database/adminLibDB.go:50.30,51.65 1 1
altastore/lib/database/adminLibDB.go:54.4,54.27 1 0
altastore/lib/database/adminLibDB.go:51.65,53.5 1 1
altastore/lib/database/adminLibDB.go:57.35,59.4 1 0
altastore/lib/database/adminLibDB.go:65.31,67.4 1 0
altastore/lib/database/adminLibDB.go:69.36,71.4 1 0
altastore/lib/database/adminLibDB.go:81.24,83.3 1 1
altastore/lib/database/checkoutLibDB.go:13.65,17.32 3 1
altastore/lib/database/checkoutLibDB.go:21.2,21.37 1 1
altastore/lib/database/checkoutLibDB.go:25.2,27.32 2 1
altastore/lib/database/checkoutLibDB.go:31.2,37.22 6 1
altastore/lib/database/checkoutLibDB.go:17.32,19.3 1 0
altastore/lib/database/checkoutLibDB.go:21.37,23.3 1 1
altastore/lib/database/checkoutLibDB.go:27.32,29.3 1 1
altastore/lib/database/checkoutLibDB.go:40.103,45.30 3 1
altastore/lib/database/checkoutLibDB.go:49.2,49.35 1 1
altastore/lib/database/checkoutLibDB.go:56.2,61.55 4 1
altastore/lib/database/checkoutLibDB.go:121.2,121.16 1 1
altastore/lib/database/checkoutLibDB.go:125.2,125.28 1 1
altastore/lib/database/checkoutLibDB.go:45.30,47.3 1 0
altastore/lib/database/checkoutLibDB.go:49.35,51.3 1 1
altastore/lib/database/checkoutLibDB.go:61.55,67.29 3 1
altastore/lib/database/checkoutLibDB.go:71.3,71.34 1 1
altastore/lib/database/checkoutLibDB.go:75.3,84.39 7 1
altastore/lib/database/checkoutLibDB.go:91.3,95.34 4 1
altastore/lib/database/checkoutLibDB.go:111.3,118.13 6 1
altastore/lib/database/checkoutLibDB.go:67.29,69.4 1 0
altastore/lib/database/checkoutLibDB.go:71.34,73.4 1 0
altastore/lib/database/checkoutLibDB.go:84.39,85.74 1 1
altastore/lib/database/checkoutLibDB.go:88.4,88.36 1 0
altastore/lib/database/checkoutLibDB.go:85.74,87.5 1 1
altastore/lib/database/checkoutLibDB.go:95.34,103.46 6 1
altastore/lib/database/checkoutLibDB.go:103.46,104.81 1 0
altastore/lib/database/checkoutLibDB.go:107.5,107.43 1 0
altastore/lib/database/checkoutLibDB.go:104.81,106.6 1 0
altastore/lib/database/checkoutLibDB.go:121.16,123.3 1 1
altastore/routes/adminRoutes.go:8.53,24.2 9 0
altastore/routes/checkoutRoutes.go:8.55,24.2 10 0
altastore/routes/mainRoutes.go:9.23,29.2 9 0
altastore/routes/mainRoutes.go:31.16,33.2 1 0
altastore/routes/userRoutes.go:10.52,35.2 15 0
