mode: set
altastore/controllers/payment/paymentController.go:13.57,17.16 3 0
altastore/controllers/payment/paymentController.go:24.2,27.46 1 0
altastore/controllers/payment/paymentController.go:17.16,22.3 1 0
altastore/controllers/payment/paymentController.go:30.56,36.16 5 0
altastore/controllers/payment/paymentController.go:50.2,53.43 1 0
altastore/controllers/payment/paymentController.go:36.16,41.3 1 0
altastore/controllers/product/productController.go:12.50,17.16 3 0
altastore/controllers/product/productController.go:24.2,28.95 1 0
altastore/controllers/product/productController.go:17.16,22.3 1 0
altastore/controllers/user/userController.go:14.47,19.16 3 0
altastore/controllers/user/userController.go:26.2,30.82 1 0
altastore/controllers/user/userController.go:19.16,24.3 1 0
altastore/controllers/user/userController.go:33.50,38.16 3 0
altastore/controllers/user/userController.go:45.2,49.83 1 0
altastore/controllers/user/userController.go:38.16,43.3 1 0
altastore/controllers/user/userController.go:52.46,58.16 4 0
altastore/controllers/user/userController.go:65.2,69.69 1 0
altastore/controllers/user/userController.go:58.16,63.3 1 0
altastore/controllers/user/userController.go:73.47,81.16 5 0
altastore/controllers/user/userController.go:88.2,92.77 1 0
altastore/controllers/user/userController.go:81.16,86.3 1 0
altastore/controllers/user/userController.go:95.49,100.16 3 0
altastore/controllers/user/userController.go:107.2,110.58 1 0
altastore/controllers/user/userController.go:100.16,105.3 1 0
altastore/controllers/user/userController.go:113.48,119.16 4 0
altastore/controllers/user/userController.go:126.2,130.68 1 0
altastore/controllers/user/userController.go:119.16,124.3 1 0
altastore/controllers/checkout/checkoutController.go:13.58,17.16 3 0
altastore/controllers/checkout/checkoutController.go:24.2,28.81 1 0
altastore/controllers/checkout/checkoutController.go:17.16,22.3 1 0
altastore/controllers/checkout/checkoutController.go:31.58,37.16 5 0
altastore/controllers/checkout/checkoutController.go:44.2,48.81 1 0
altastore/controllers/checkout/checkoutController.go:37.16,42.3 1 0
altastore/controllers/admin/adminController.go:14.55,19.16 3 0
altastore/controllers/admin/adminController.go:26.2,29.41 1 0
altastore/controllers/admin/adminController.go:19.16,24.3 1 0
altastore/controllers/admin/adminController.go:33.47,40.16 5 0
altastore/controllers/admin/adminController.go:47.2,51.70 1 0
altastore/controllers/admin/adminController.go:40.16,45.3 1 0
altastore/controllers/cart/cartController.go:13.54,17.16 3 0
altastore/controllers/cart/cartController.go:24.2,28.85 1 0
altastore/controllers/cart/cartController.go:17.16,22.3 1 0
altastore/controllers/cart/cartController.go:35.57,43.16 5 0
altastore/controllers/cart/cartController.go:50.2,53.52 1 0
altastore/controllers/cart/cartController.go:43.16,48.3 1 0
altastore/controllers/cart/cartController.go:56.57,64.16 5 0
altastore/controllers/cart/cartController.go:71.2,74.52 1 0
altastore/controllers/cart/cartController.go:64.16,69.3 1 0
altastore/controllers/login/loginController.go:12.48,18.16 4 0
altastore/controllers/login/loginController.go:25.2,29.68 1 0
altastore/controllers/login/loginController.go:18.16,23.3 1 0
altastore/controllers/login/loginController.go:12.48,18.16 4 0
altastore/controllers/login/loginController.go:25.2,29.68 1 0
altastore/controllers/login/loginController.go:18.16,23.3 1 0
altastore/controllers/product/productController.go:12.50,17.16 3 0
altastore/controllers/product/productController.go:24.2,28.95 1 0
altastore/controllers/product/productController.go:17.16,22.3 1 0
altastore/controllers/user/userController.go:14.47,19.16 3 0
altastore/controllers/user/userController.go:26.2,30.82 1 0
altastore/controllers/user/userController.go:19.16,24.3 1 0
altastore/controllers/user/userController.go:33.50,38.16 3 0
altastore/controllers/user/userController.go:45.2,49.83 1 0
altastore/controllers/user/userController.go:38.16,43.3 1 0
altastore/controllers/user/userController.go:52.46,58.16 4 0
altastore/controllers/user/userController.go:65.2,69.69 1 0
altastore/controllers/user/userController.go:58.16,63.3 1 0
altastore/controllers/user/userController.go:73.47,81.16 5 0
altastore/controllers/user/userController.go:88.2,92.77 1 0
altastore/controllers/user/userController.go:81.16,86.3 1 0
altastore/controllers/user/userController.go:95.49,100.16 3 0
altastore/controllers/user/userController.go:107.2,110.58 1 0
altastore/controllers/user/userController.go:100.16,105.3 1 0
altastore/controllers/user/userController.go:113.48,119.16 4 0
altastore/controllers/user/userController.go:126.2,130.68 1 0
altastore/controllers/user/userController.go:119.16,124.3 1 0
altastore/controllers/payment/paymentController.go:13.57,17.16 3 0
altastore/controllers/payment/paymentController.go:24.2,27.46 1 0
altastore/controllers/payment/paymentController.go:17.16,22.3 1 0
altastore/controllers/payment/paymentController.go:30.56,36.16 5 0
altastore/controllers/payment/paymentController.go:50.2,53.43 1 0
altastore/controllers/payment/paymentController.go:36.16,41.3 1 0
altastore/controllers/admin/adminController.go:14.55,19.16 3 0
altastore/controllers/admin/adminController.go:26.2,29.41 1 0
altastore/controllers/admin/adminController.go:19.16,24.3 1 0
altastore/controllers/admin/adminController.go:33.47,40.16 5 0
altastore/controllers/admin/adminController.go:47.2,51.70 1 0
altastore/controllers/admin/adminController.go:40.16,45.3 1 0
altastore/controllers/cart/cartController.go:13.54,17.16 3 0
altastore/controllers/cart/cartController.go:24.2,28.85 1 0
altastore/controllers/cart/cartController.go:17.16,22.3 1 0
altastore/controllers/cart/cartController.go:35.57,43.16 5 0
altastore/controllers/cart/cartController.go:50.2,53.52 1 0
altastore/controllers/cart/cartController.go:43.16,48.3 1 0
altastore/controllers/cart/cartController.go:56.57,64.16 5 0
altastore/controllers/cart/cartController.go:71.2,74.52 1 0
altastore/controllers/cart/cartController.go:64.16,69.3 1 0
altastore/controllers/checkout/checkoutController.go:13.58,17.16 3 0
altastore/controllers/checkout/checkoutController.go:24.2,28.81 1 0
altastore/controllers/checkout/checkoutController.go:17.16,22.3 1 0
altastore/controllers/checkout/checkoutController.go:31.58,37.16 5 0
altastore/controllers/checkout/checkoutController.go:44.2,48.81 1 0
altastore/controllers/checkout/checkoutController.go:37.16,42.3 1 0
altastore/controllers/checkout/checkoutController.go:13.58,17.16 3 0
altastore/controllers/checkout/checkoutController.go:24.2,28.81 1 0
altastore/controllers/checkout/checkoutController.go:17.16,22.3 1 0
altastore/controllers/checkout/checkoutController.go:31.58,37.16 5 0
altastore/controllers/checkout/checkoutController.go:44.2,48.81 1 0
altastore/controllers/checkout/checkoutController.go:37.16,42.3 1 0
altastore/controllers/login/loginController.go:12.48,18.16 4 0
altastore/controllers/login/loginController.go:25.2,29.68 1 0
altastore/controllers/login/loginController.go:18.16,23.3 1 0
altastore/controllers/payment/paymentController.go:13.57,17.16 3 0
altastore/controllers/payment/paymentController.go:24.2,27.46 1 0
altastore/controllers/payment/paymentController.go:17.16,22.3 1 0
altastore/controllers/payment/paymentController.go:30.56,36.16 5 0
altastore/controllers/payment/paymentController.go:50.2,53.43 1 0
altastore/controllers/payment/paymentController.go:36.16,41.3 1 0
altastore/controllers/product/productController.go:12.50,17.16 3 0
altastore/controllers/product/productController.go:24.2,28.95 1 0
altastore/controllers/product/productController.go:17.16,22.3 1 0
altastore/controllers/user/userController.go:14.47,19.16 3 0
altastore/controllers/user/userController.go:26.2,30.82 1 0
altastore/controllers/user/userController.go:19.16,24.3 1 0
altastore/controllers/user/userController.go:33.50,38.16 3 0
altastore/controllers/user/userController.go:45.2,49.83 1 0
altastore/controllers/user/userController.go:38.16,43.3 1 0
altastore/controllers/user/userController.go:52.46,58.16 4 0
altastore/controllers/user/userController.go:65.2,69.69 1 0
altastore/controllers/user/userController.go:58.16,63.3 1 0
altastore/controllers/user/userController.go:73.47,81.16 5 0
altastore/controllers/user/userController.go:88.2,92.77 1 0
altastore/controllers/user/userController.go:81.16,86.3 1 0
altastore/controllers/user/userController.go:95.49,100.16 3 0
altastore/controllers/user/userController.go:107.2,110.58 1 0
altastore/controllers/user/userController.go:100.16,105.3 1 0
altastore/controllers/user/userController.go:113.48,119.16 4 0
altastore/controllers/user/userController.go:126.2,130.68 1 0
altastore/controllers/user/userController.go:119.16,124.3 1 0
altastore/controllers/cart/cartController.go:13.54,17.16 3 1
altastore/controllers/cart/cartController.go:24.2,28.85 1 1
altastore/controllers/cart/cartController.go:17.16,22.3 1 0
altastore/controllers/cart/cartController.go:35.57,43.16 5 1
altastore/controllers/cart/cartController.go:50.2,53.52 1 1
altastore/controllers/cart/cartController.go:43.16,48.3 1 1
altastore/controllers/cart/cartController.go:56.57,64.16 5 1
altastore/controllers/cart/cartController.go:71.2,74.52 1 1
altastore/controllers/cart/cartController.go:64.16,69.3 1 1
altastore/controllers/admin/adminController.go:14.55,19.16 3 0
altastore/controllers/admin/adminController.go:26.2,29.41 1 0
altastore/controllers/admin/adminController.go:19.16,24.3 1 0
altastore/controllers/admin/adminController.go:33.47,40.16 5 0
altastore/controllers/admin/adminController.go:47.2,51.70 1 0
altastore/controllers/admin/adminController.go:40.16,45.3 1 0
altastore/controllers/checkout/checkoutController.go:13.58,17.16 3 0
altastore/controllers/checkout/checkoutController.go:24.2,28.81 1 0
altastore/controllers/checkout/checkoutController.go:17.16,22.3 1 0
altastore/controllers/checkout/checkoutController.go:31.58,37.16 5 0
altastore/controllers/checkout/checkoutController.go:44.2,48.81 1 0
altastore/controllers/checkout/checkoutController.go:37.16,42.3 1 0
altastore/controllers/login/loginController.go:12.48,18.16 4 0
altastore/controllers/login/loginController.go:25.2,29.68 1 0
altastore/controllers/login/loginController.go:18.16,23.3 1 0
altastore/controllers/payment/paymentController.go:13.57,17.16 3 0
altastore/controllers/payment/paymentController.go:24.2,27.46 1 0
altastore/controllers/payment/paymentController.go:17.16,22.3 1 0
altastore/controllers/payment/paymentController.go:30.56,36.16 5 0
altastore/controllers/payment/paymentController.go:50.2,53.43 1 0
altastore/controllers/payment/paymentController.go:36.16,41.3 1 0
altastore/controllers/user/userController.go:14.47,19.16 3 0
altastore/controllers/user/userController.go:26.2,30.82 1 0
altastore/controllers/user/userController.go:19.16,24.3 1 0
altastore/controllers/user/userController.go:33.50,38.16 3 0
altastore/controllers/user/userController.go:45.2,49.83 1 0
altastore/controllers/user/userController.go:38.16,43.3 1 0
altastore/controllers/user/userController.go:52.46,58.16 4 0
altastore/controllers/user/userController.go:65.2,69.69 1 0
altastore/controllers/user/userController.go:58.16,63.3 1 0
altastore/controllers/user/userController.go:73.47,81.16 5 0
altastore/controllers/user/userController.go:88.2,92.77 1 0
altastore/controllers/user/userController.go:81.16,86.3 1 0
altastore/controllers/user/userController.go:95.49,100.16 3 0
altastore/controllers/user/userController.go:107.2,110.58 1 0
altastore/controllers/user/userController.go:100.16,105.3 1 0
altastore/controllers/user/userController.go:113.48,119.16 4 0
altastore/controllers/user/userController.go:126.2,130.68 1 0
altastore/controllers/user/userController.go:119.16,124.3 1 0
altastore/controllers/product/productController.go:12.50,17.16 3 1
altastore/controllers/product/productController.go:24.2,28.95 1 1
altastore/controllers/product/productController.go:17.16,22.3 1 1
altastore/controllers/admin/adminController.go:14.55,19.16 3 0
altastore/controllers/admin/adminController.go:26.2,29.41 1 0
altastore/controllers/admin/adminController.go:19.16,24.3 1 0
altastore/controllers/admin/adminController.go:33.47,40.16 5 0
altastore/controllers/admin/adminController.go:47.2,51.70 1 0
altastore/controllers/admin/adminController.go:40.16,45.3 1 0
altastore/controllers/cart/cartController.go:13.54,17.16 3 0
altastore/controllers/cart/cartController.go:24.2,28.85 1 0
altastore/controllers/cart/cartController.go:17.16,22.3 1 0
altastore/controllers/cart/cartController.go:35.57,43.16 5 0
altastore/controllers/cart/cartController.go:50.2,53.52 1 0
altastore/controllers/cart/cartController.go:43.16,48.3 1 0
altastore/controllers/cart/cartController.go:56.57,64.16 5 0
altastore/controllers/cart/cartController.go:71.2,74.52 1 0
altastore/controllers/cart/cartController.go:64.16,69.3 1 0
altastore/controllers/admin/adminController.go:14.55,19.16 3 0
altastore/controllers/admin/adminController.go:26.2,29.41 1 0
altastore/controllers/admin/adminController.go:19.16,24.3 1 0
altastore/controllers/admin/adminController.go:33.47,40.16 5 0
altastore/controllers/admin/adminController.go:47.2,51.70 1 0
altastore/controllers/admin/adminController.go:40.16,45.3 1 0
altastore/controllers/cart/cartController.go:13.54,17.16 3 0
altastore/controllers/cart/cartController.go:24.2,28.85 1 0
altastore/controllers/cart/cartController.go:17.16,22.3 1 0
altastore/controllers/cart/cartController.go:35.57,43.16 5 0
altastore/controllers/cart/cartController.go:50.2,53.52 1 0
altastore/controllers/cart/cartController.go:43.16,48.3 1 0
altastore/controllers/cart/cartController.go:56.57,64.16 5 0
altastore/controllers/cart/cartController.go:71.2,74.52 1 0
altastore/controllers/cart/cartController.go:64.16,69.3 1 0
altastore/controllers/checkout/checkoutController.go:13.58,17.16 3 0
altastore/controllers/checkout/checkoutController.go:24.2,28.81 1 0
altastore/controllers/checkout/checkoutController.go:17.16,22.3 1 0
altastore/controllers/checkout/checkoutController.go:31.58,37.16 5 0
altastore/controllers/checkout/checkoutController.go:44.2,48.81 1 0
altastore/controllers/checkout/checkoutController.go:37.16,42.3 1 0
altastore/controllers/login/loginController.go:12.48,18.16 4 0
altastore/controllers/login/loginController.go:25.2,29.68 1 0
altastore/controllers/login/loginController.go:18.16,23.3 1 0
altastore/controllers/payment/paymentController.go:13.57,17.16 3 0
altastore/controllers/payment/paymentController.go:24.2,27.46 1 0
altastore/controllers/payment/paymentController.go:17.16,22.3 1 0
altastore/controllers/payment/paymentController.go:30.56,36.16 5 0
altastore/controllers/payment/paymentController.go:50.2,53.43 1 0
altastore/controllers/payment/paymentController.go:36.16,41.3 1 0
altastore/controllers/product/productController.go:12.50,17.16 3 0
altastore/controllers/product/productController.go:24.2,28.95 1 0
altastore/controllers/product/productController.go:17.16,22.3 1 0
altastore/controllers/user/userController.go:14.47,19.16 3 1
altastore/controllers/user/userController.go:26.2,30.82 1 1
altastore/controllers/user/userController.go:19.16,24.3 1 1
altastore/controllers/user/userController.go:33.50,38.16 3 1
altastore/controllers/user/userController.go:45.2,49.83 1 0
altastore/controllers/user/userController.go:38.16,43.3 1 1
altastore/controllers/user/userController.go:52.46,58.16 4 1
altastore/controllers/user/userController.go:65.2,69.69 1 0
altastore/controllers/user/userController.go:58.16,63.3 1 1
altastore/controllers/user/userController.go:73.47,81.16 5 1
altastore/controllers/user/userController.go:88.2,92.77 1 0
altastore/controllers/user/userController.go:81.16,86.3 1 1
altastore/controllers/user/userController.go:95.49,100.16 3 1
altastore/controllers/user/userController.go:107.2,110.58 1 0
altastore/controllers/user/userController.go:100.16,105.3 1 1
altastore/controllers/user/userController.go:113.48,119.16 4 1
altastore/controllers/user/userController.go:126.2,130.68 1 1
altastore/controllers/user/userController.go:119.16,124.3 1 1
