mode: set
altastore/controllers/adminController.go:13.55,18.16 3 1
altastore/controllers/adminController.go:25.2,29.84 1 1
altastore/controllers/adminController.go:18.16,23.3 1 1
altastore/controllers/adminController.go:33.47,39.16 4 1
altastore/controllers/adminController.go:46.2,50.70 1 1
altastore/controllers/adminController.go:39.16,44.3 1 1
altastore/controllers/cartController.go:13.54,17.16 3 1
altastore/controllers/cartController.go:24.2,28.85 1 1
altastore/controllers/cartController.go:17.16,22.3 1 1
altastore/controllers/cartController.go:35.57,43.16 5 1
altastore/controllers/cartController.go:50.2,53.52 1 1
altastore/controllers/cartController.go:43.16,48.3 1 1
altastore/controllers/cartController.go:56.57,64.16 5 1
altastore/controllers/cartController.go:71.2,74.52 1 1
altastore/controllers/cartController.go:64.16,69.3 1 1
altastore/controllers/checkoutController.go:13.58,17.16 3 1
altastore/controllers/checkoutController.go:24.2,28.81 1 1
altastore/controllers/checkoutController.go:17.16,22.3 1 1
altastore/controllers/checkoutController.go:31.58,37.16 5 1
altastore/controllers/checkoutController.go:44.2,48.81 1 1
altastore/controllers/checkoutController.go:37.16,42.3 1 1
altastore/controllers/loginController.go:12.48,18.16 4 1
altastore/controllers/loginController.go:25.2,29.68 1 1
altastore/controllers/loginController.go:18.16,23.3 1 1
altastore/controllers/paymentController.go:13.57,17.16 3 1
altastore/controllers/paymentController.go:24.2,28.101 1 1
altastore/controllers/paymentController.go:17.16,22.3 1 1
altastore/controllers/paymentController.go:31.56,37.16 5 1
altastore/controllers/paymentController.go:44.2,48.78 1 1
altastore/controllers/paymentController.go:37.16,42.3 1 1
altastore/controllers/productController.go:12.50,17.16 3 1
altastore/controllers/productController.go:24.2,28.95 1 1
altastore/controllers/productController.go:17.16,22.3 1 1
altastore/controllers/userController.go:14.47,19.16 3 1
altastore/controllers/userController.go:26.2,30.82 1 1
altastore/controllers/userController.go:19.16,24.3 1 1
altastore/controllers/userController.go:33.50,38.16 3 1
altastore/controllers/userController.go:45.2,49.83 1 1
altastore/controllers/userController.go:38.16,43.3 1 1
altastore/controllers/userController.go:52.46,58.16 4 1
altastore/controllers/userController.go:65.2,69.69 1 1
altastore/controllers/userController.go:58.16,63.3 1 1
altastore/controllers/userController.go:73.47,81.16 5 1
altastore/controllers/userController.go:88.2,92.77 1 1
altastore/controllers/userController.go:81.16,86.3 1 1
altastore/controllers/userController.go:95.49,100.16 3 1
altastore/controllers/userController.go:107.2,110.58 1 1
altastore/controllers/userController.go:100.16,105.3 1 1
