mode: set
altastore/controllers/cart/cartController.go:13.54,17.16 3 1
altastore/controllers/cart/cartController.go:24.2,28.85 1 1
altastore/controllers/cart/cartController.go:17.16,22.3 1 1
altastore/controllers/cart/cartController.go:35.57,43.16 5 1
altastore/controllers/cart/cartController.go:50.2,53.52 1 1
altastore/controllers/cart/cartController.go:43.16,48.3 1 1
altastore/controllers/cart/cartController.go:56.57,64.16 5 1
altastore/controllers/cart/cartController.go:71.2,71.23 1 1
altastore/controllers/cart/cartController.go:78.2,81.52 1 1
altastore/controllers/cart/cartController.go:64.16,69.3 1 1
altastore/controllers/cart/cartController.go:71.23,76.3 1 0
