mode: set
altastore/controllers/user/userController.go:14.47,19.16 3 1
altastore/controllers/user/userController.go:26.2,30.82 1 1
altastore/controllers/user/userController.go:19.16,24.3 1 1
altastore/controllers/user/userController.go:33.50,38.16 3 1
altastore/controllers/user/userController.go:45.2,49.83 1 1
altastore/controllers/user/userController.go:38.16,43.3 1 1
altastore/controllers/user/userController.go:52.46,58.16 4 1
altastore/controllers/user/userController.go:65.2,69.69 1 1
altastore/controllers/user/userController.go:58.16,63.3 1 1
altastore/controllers/user/userController.go:73.47,81.16 5 1
altastore/controllers/user/userController.go:88.2,92.77 1 1
altastore/controllers/user/userController.go:81.16,86.3 1 1
altastore/controllers/user/userController.go:95.49,100.16 3 1
altastore/controllers/user/userController.go:107.2,110.58 1 1
altastore/controllers/user/userController.go:100.16,105.3 1 1
altastore/controllers/user/userController.go:113.48,119.16 4 1
altastore/controllers/user/userController.go:126.2,130.68 1 1
altastore/controllers/user/userController.go:119.16,124.3 1 1
